
==============================================
🚀 Session Started: 2026-01-27 22:54:02.309271
🖥️ System: Darwin 25.2.0
📂 Log File: app_debug_20260127_225402.log
==============================================
G2;H2;Warningh in Sys.setlocale("LC_ALL", "Chinese (Traditional)_Taiwan.950") :
  OS reports request to set locale to "Chinese (Traditional)_Taiwan.950" cannot be honoredg

[1/3] 正在載入套件庫...
✔️ 所有套件已載入。

[2/3] 正在載入邏輯模組...
Loading: industry_standards.R ... Done.
Loading: setup.R ... Done.
Loading: kpi_module.R ... Done.
Loading: fcf_projection_module.R ... Done.
Loading: search_module.R ... Done.

[3/3] 環境初始化完成，準備啟動 App。
==============================================

G3;
Listening on http://127.0.0.1:4337
g
🌐 執行階梯抓取: AAPL
⚠️ API 被阻擋，啟動 Chromote 模擬...
📄 正在模擬抓取頁面: financials
✅ financials 處理完成，共 30 列。
📄 正在模擬抓取頁面: balance-sheet
✅ balance-sheet 處理完成，共 15 列。
📄 正在模擬抓取頁面: cash-flow
✅ cash-flow 處理完成，共 11 列。
[1] "Error in data retrieval: "
G2;H2;Warningh in p <- ggplot(plot_df, aes(x = Year, y = Value, group = 1)) + :
  Ignoring unknown aesthetics: textg

🌐 執行階梯抓取: KO
⚠️ API 被阻擋，啟動 Chromote 模擬...
📄 正在模擬抓取頁面: financials
✅ financials 處理完成，共 32 列。
📄 正在模擬抓取頁面: balance-sheet
✅ balance-sheet 處理完成，共 14 列。
📄 正在模擬抓取頁面: cash-flow
✅ cash-flow 處理完成，共 10 列。
G2;H2;Warningh in p <- ggplot(plot_df, aes(x = Year, y = Value, group = 1)) + :
  Ignoring unknown aesthetics: textg
