
==============================================
🚀 Session Started: 2026-01-25 21:36:36.736631
📂 Log Directory: logs
📄 Log File: app_debug_20260125_213636.log
==============================================
✔️ 所有套件已載入，環境初始化完成。

G2;H2;Warningh: Navigation containers expect a collection of `bslib::nav_panel()`/`shiny::tabPanel()`s and/or `bslib::nav_menu()`/`shiny::navbarMenu()`s. Consider using `header` or `footer` if you wish to place content above (or below) every panel's contents.g
G3;
Listening on http://127.0.0.1:7751
g
🌐 執行階梯抓取: AAPL
⚠️ API 被阻擋，啟動 Chromote 模擬...
📄 正在模擬抓取頁面: financials
✅ financials 處理完成，共 30 列。
📄 正在模擬抓取頁面: balance-sheet
✅ balance-sheet 處理完成，共 15 列。
📄 正在模擬抓取頁面: cash-flow
✅ cash-flow 處理完成，共 11 列。
G2;H2;Warningh: Error in if: missing value where TRUE/FALSE neededg
  104: select_clean_metric_row [setup.R#158]
  102: vbox_fun [kpi_module.R#7]
  101: renderUI
  100: func
   87: renderFunc
   86: output$kpi-vbx_gross_profit_margin
    1: runApp
G2;H2;Warningh: Error in if: missing value where TRUE/FALSE neededg
  104: select_clean_metric_row [setup.R#158]
  102: vbox_fun [kpi_module.R#19]
  101: renderUI
  100: func
   87: renderFunc
   86: output$kpi-vbx_net_profit_margin
    1: runApp
G2;H2;Warningh: Error in if: missing value where TRUE/FALSE neededg
  105: select_clean_metric_row [setup.R#158]
  102: vbox_fun [kpi_module.R#30]
  101: renderUI
  100: func
   87: renderFunc
   86: output$kpi-vbx_gross_profit_growth
    1: runApp
G2;H2;Warningh: Error in if: missing value where TRUE/FALSE neededg
  105: select_clean_metric_row [setup.R#158]
  102: vbox_fun [kpi_module.R#39]
  101: renderUI
  100: func
   87: renderFunc
   86: output$kpi-vbx_rev_growth
    1: runApp
G2;H2;Warningh: Error in if: missing value where TRUE/FALSE neededg
  104: select_clean_metric_row [setup.R#158]
  102: vbox_fun [kpi_module.R#49]
  101: renderUI
  100: func
   87: renderFunc
   86: output$kpi-vbx_opex_ratio
    1: runApp
G2;H2;Warningh: Error in if: missing value where TRUE/FALSE neededg
  104: select_clean_metric_row [setup.R#158]
  102: vbox_fun [kpi_module.R#61]
  101: renderUI
  100: func
   87: renderFunc
   86: output$kpi-vbx_eqt_multiplier
    1: runApp
G2;H2;Warningh: Error in if: missing value where TRUE/FALSE neededg
  105: select_clean_metric_row [setup.R#158]
  102: vbox_fun [kpi_module.R#73]
  101: renderUI
  100: func
   87: renderFunc
   86: output$kpi-vbx_op_cash_flow_growth
    1: runApp
G2;H2;Warningh: Error in if: missing value where TRUE/FALSE neededg
  105: select_clean_metric_row [setup.R#158]
  102: vbox_fun [kpi_module.R#83]
  101: renderUI
  100: func
   87: renderFunc
   86: output$kpi-vbx_inv_cash_flow_growth
    1: runApp
G2;H2;Warningh: Error in if: missing value where TRUE/FALSE neededg
  105: select_clean_metric_row [setup.R#158]
  102: vbox_fun [kpi_module.R#93]
  101: renderUI
  100: func
   87: renderFunc
   86: output$kpi-vbx_fin_cash_flow_growth
    1: runApp
G2;H2;Warningh: Error in if: missing value where TRUE/FALSE neededg
  104: select_clean_metric_row [setup.R#158]
  102: vbox_fun [kpi_module.R#103]
  101: renderUI
  100: func
   87: renderFunc
   86: output$kpi-vbx_ROA
    1: runApp
G2;H2;Warningh: Error in if: missing value where TRUE/FALSE neededg
  104: select_clean_metric_row [setup.R#158]
  102: vbox_fun [kpi_module.R#114]
  101: renderUI
  100: func
   87: renderFunc
   86: output$kpi-vbx_ROE
    1: runApp
G2;H2;Warningh: Error in if: missing value where TRUE/FALSE neededg
  104: select_clean_metric_row [setup.R#158]
  102: vbox_fun [kpi_module.R#125]
  101: renderUI
  100: func
   87: renderFunc
   86: output$kpi-vbx_asset_turnover
    1: runApp
G2;H2;Warningh: Error in if: missing value where TRUE/FALSE neededg
  104: select_clean_metric_row [setup.R#158]
  102: vbox_fun [kpi_module.R#135]
  101: renderUI
  100: func
   87: renderFunc
   86: output$kpi-vbx_ocf_net_income
    1: runApp
