
==============================================
🚀 Session Started: 2026-01-28 00:41:42.915042
🖥️ System: Darwin (25.2.0)
📂 Log File: app_debug_20260128_004142.log
==============================================

[1/3] 載入核心套件庫...
✔️ 所有套件檢查完成。

[2/3] 正在載入邏輯模組...
  ✔️ Loading: industry_standards.R ... Done.
  ✔️ Loading: setup.R ... Done.
  ✔️ Loading: kpi_module.R ... Done.
  ✔️ Loading: fcf_projection_module.R ... Done.
  ✔️ Loading: search_module.R ... Done.

[3/3] 環境初始化完成，App 啟動中...
==============================================

G3;
Listening on http://127.0.0.1:4337
g
[2026-01-28 00:41:45.341143] 🚀 開始處理財報數據請求: AAPL

🌐 執行階梯抓取: AAPL
⚠️ API 被阻擋，啟動 Chromote 模擬...
📄 正在模擬抓取頁面: financials
✅ financials 處理完成，共 30 列。
📄 正在模擬抓取頁面: balance-sheet
✅ balance-sheet 處理完成，共 15 列。
📄 正在模擬抓取頁面: cash-flow
✅ cash-flow 處理完成，共 11 列。
✅ [2026-01-28 00:42:29.007251] 財報數據抓取成功。
[1] "Error in data retrieval: "
G2;H2;Warningh in p <- ggplot(plot_df, aes(x = Year, y = Value, group = 1)) + :
  Ignoring unknown aesthetics: textg

🛑 Session Ended: 1769532160 
Error in close.connection(log_con) : 
  cannot close 'message' sink connection
