
==============================================
🚀 Session Started: 2026-01-25 14:28:56.689135
📄 Log File: app_debug_20260125_142856.log
==============================================
✔️ 所有套件已載入，環境初始化完成。

G2;H2;Warningh: Navigation containers expect a collection of `bslib::nav_panel()`/`shiny::tabPanel()`s and/or `bslib::nav_menu()`/`shiny::navbarMenu()`s. Consider using `header` or `footer` if you wish to place content above (or below) every panel's contents.g
G3;
Listening on http://127.0.0.1:3371
g🌐 嘗試透過 API 擷取 AAPL...
⚠️ API 被阻擋 (401)，啟動最後防線：Chromote 無頭瀏覽器...
📄 正在分析渲染數據: financials...
📄 正在分析渲染數據: balance-sheet...
📄 正在分析渲染數據: cash-flow...
G2;H2;Warningh: Error in UseMethod: no applicable method for 'xml_find_all' applied to an object of class "data.frame"g
  127: xml2::xml_find_all
  126: html_elements.default
  124: html_nodes
  123: %>%
  122: <reactive:corp_name> [/Users/lawrencekuo/Library/CloudStorage/OneDrive-Personal/coding/R/Just4Fun/theYNowApp/app 2.0/FFD_shinyapp_2.0/FFD_shinyapp 2.0.R#460]
  102: corp_name
  101: renderText [/Users/lawrencekuo/Library/CloudStorage/OneDrive-Personal/coding/R/Just4Fun/theYNowApp/app 2.0/FFD_shinyapp_2.0/FFD_shinyapp 2.0.R#465]
  100: func
   87: renderFunc
   86: output$txt_corpname
    1: runApp
G3;Error parsing Finance Summary: no applicable method for 'xml_find_all' applied to an object of class "data.frame"
gG3;Error scraping income statement: Not Found (HTTP 404).
gG2;H2;Warningh in get_avg(select_clean_metric_row(d_income_statement(), "Gross Profit")) :
  ⚠️ 資料不足以計算平均值g
G2;H2;Warningh in get_avg(select_clean_metric_row(d_income_statement(), "Total Revenue")) :
  ⚠️ 資料不足以計算平均值g
G2;H2;Warningh in get_avg(select_clean_metric_row(d_income_statement(), "Net Income from Continuing & Discontinued Operation")) :
  ⚠️ 資料不足以計算平均值g
G2;H2;Warningh in get_avg(select_clean_metric_row(d_income_statement(), "Total Revenue")) :
  ⚠️ 資料不足以計算平均值g
G2;H2;Warningh in get_avg_growth(select_clean_metric_row(d_income_statement(),  :
  ⚠️ 資料不足以計算成長率g
G2;H2;Warningh in get_avg_growth(select_clean_metric_row(d_income_statement(),  :
  ⚠️ 資料不足以計算成長率g
G2;H2;Warningh in get_avg(select_clean_metric_row(d_income_statement(), "Operating Expense")) :
  ⚠️ 資料不足以計算平均值g
G2;H2;Warningh in get_avg(select_clean_metric_row(d_income_statement(), "Total Revenue")) :
  ⚠️ 資料不足以計算平均值g
G3;Error scraping balance sheet: Not Found (HTTP 404).
gG2;H2;Warningh in get_avg(select_clean_metric_row(d_balance_sheet(), "Total Assets")) :
  ⚠️ 資料不足以計算平均值g
G2;H2;Warningh in get_avg(select_clean_metric_row(d_balance_sheet(), "Common Stock Equity")) :
  ⚠️ 資料不足以計算平均值g
G3;Error scraping cash flow: Not Found (HTTP 404).
gG2;H2;Warningh in get_avg_growth(select_clean_metric_row(d_cash_flow(), "Operating Cash Flow")) :
  ⚠️ 資料不足以計算成長率g
G2;H2;Warningh in get_avg_growth(select_clean_metric_row(d_cash_flow(), "Investing Cash Flow")) :
  ⚠️ 資料不足以計算成長率g
G2;H2;Warningh in get_avg_growth(select_clean_metric_row(d_cash_flow(), "Financing Cash Flow")) :
  ⚠️ 資料不足以計算成長率g
G2;H2;Warningh in get_avg(select_clean_metric_row(d_cash_flow(), "Free Cash Flow")) :
  ⚠️ 資料不足以計算平均值g
G2;H2;Warningh in get_avg(select_clean_metric_row(d_cash_flow(), "Operating Cash Flow")) :
  ⚠️ 資料不足以計算平均值g
G2;H2;Warningh in get_avg(select_clean_metric_row(d_cash_flow(), "Operating Cash Flow")) :
  ⚠️ 資料不足以計算平均值g
G2;H2;Warningh in get_avg(select_clean_metric_row(d_income_statement(), "Net Income from Continuing & Discontinued Operation")) :
  ⚠️ 資料不足以計算平均值g
G2;H2;Warningh in get_avg(select_clean_metric_row(d_cash_flow(), "Operating Cash Flow")) :
  ⚠️ 資料不足以計算平均值g
G2;H2;Warningh in get_avg(select_clean_metric_row(d_income_statement(), "Net Income from Continuing & Discontinued Operation")) :
  ⚠️ 資料不足以計算平均值g
G2;H2;Warningh in get_avg(select_clean_metric_row(d_balance_sheet(), "Total Debt")) :
  ⚠️ 資料不足以計算平均值g
G2;H2;Warningh in get_avg(select_clean_metric_row(d_balance_sheet(), "Common Stock Equity")) :
  ⚠️ 資料不足以計算平均值g
[1] "Error in data retrieval: no applicable method for 'xml_find_all' applied to an object of class \"data.frame\""

==============================================
🚀 Session Started: 2026-01-25 14:31:26.124914
📄 Log File: app_debug_20260125_143126.log
==============================================
✔️ 所有套件已載入，環境初始化完成。

🌐 嘗試透過 API 擷取 AAPL...
⚠️ API 被阻擋 (401)，啟動最後防線：Chromote 無頭瀏覽器...
📄 正在從渲染頁面提取數據: financials...
📄 正在從渲染頁面提取數據: balance-sheet...
📄 正在從渲染頁面提取數據: cash-flow...
[1] "Error in data retrieval: no applicable method for 'xml_find_all' applied to an object of class \"data.frame\""

==============================================
🚀 Session Started: 2026-01-25 14:42:19.40472
📄 Log File: app_debug_20260125_144219.log
==============================================
✔️ 所有套件已載入，環境初始化完成。

[1] "Error in data retrieval: "
[1] "Error in data retrieval: "
[1] "Error in data retrieval: "
[1] "Error in data retrieval: "
[1] "Error in data retrieval: "

==============================================
🚀 Session Started: 2026-01-25 14:44:19.74638
📄 Log File: app_debug_20260125_144419.log
==============================================
✔️ 所有套件已載入，環境初始化完成。

🌐 執行階梯抓取: AAPL
⚠️ API 被阻擋，啟動 Chromote 模擬...
🌐 執行階梯抓取: KO
⚠️ API 被阻擋，啟動 Chromote 模擬...
Called from: Sys.sleep(10)

==============================================
🚀 Session Started: 2026-01-25 16:54:31.571606
📄 Log File: app_debug_20260125_165431.log
==============================================
✔️ 所有套件已載入，環境初始化完成。

🌐 執行階梯抓取: AAPL
⚠️ API 被阻擋，啟動 Chromote 模擬...

==============================================
🚀 Session Started: 2026-01-25 17:00:32.686132
📄 Log File: app_debug_20260125_170032.log
==============================================
✔️ 所有套件已載入，環境初始化完成。

🌐 執行階梯抓取: AAPL
⚠️ API 被阻擋，啟動 Chromote 模擬...

==============================================
🚀 Session Started: 2026-01-25 17:04:25.853451
📄 Log File: app_debug_20260125_170425.log
==============================================
✔️ 所有套件已載入，環境初始化完成。

🌐 執行階梯抓取: AAPL
⚠️ API 被阻擋，啟動 Chromote 模擬...

==============================================
🚀 Session Started: 2026-01-25 17:12:33.705089
📄 Log File: app_debug_20260125_171233.log
==============================================
✔️ 所有套件已載入，環境初始化完成。

🌐 執行階梯抓取: AAPL
⚠️ API 被阻擋，啟動 Chromote 模擬...

==============================================
🚀 Session Started: 2026-01-25 17:15:47.349546
📄 Log File: app_debug_20260125_171547.log
==============================================
✔️ 所有套件已載入，環境初始化完成。

🌐 執行階梯抓取: AAPL
⚠️ API 被阻擋，啟動 Chromote 模擬...

==============================================
🚀 Session Started: 2026-01-25 17:18:25.420905
📄 Log File: app_debug_20260125_171825.log
==============================================
✔️ 所有套件已載入，環境初始化完成。

🌐 執行階梯抓取: AAPL
⚠️ API 被阻擋，啟動 Chromote 模擬...

==============================================
🚀 Session Started: 2026-01-25 19:16:15.607401
📄 Log File: app_debug_20260125_191615.log
==============================================
✔️ 所有套件已載入，環境初始化完成。

🌐 執行階梯抓取: AAPL
⚠️ API 被阻擋，啟動 Chromote 模擬...
⚠️ 找不到指標: basicEps

==============================================
🚀 Session Started: 2026-01-25 19:28:16.130938
📄 Log File: app_debug_20260125_192816.log
==============================================
✔️ 所有套件已載入，環境初始化完成。

🌐 執行階梯抓取: AAPL
⚠️ API 被阻擋，啟動 Chromote 模擬...

==============================================
🚀 Session Started: 2026-01-25 19:34:27.698148
📄 Log File: app_debug_20260125_193427.log
==============================================
✔️ 所有套件已載入，環境初始化完成。


==============================================
🚀 Session Started: 2026-01-25 19:35:00.579667
📄 Log File: app_debug_20260125_193500.log
==============================================
✔️ 所有套件已載入，環境初始化完成。


==============================================
🚀 Session Started: 2026-01-25 19:35:35.122466
📄 Log File: app_debug_20260125_193535.log
==============================================
✔️ 所有套件已載入，環境初始化完成。


==============================================
🚀 Session Started: 2026-01-25 19:35:36.281977
📄 Log File: app_debug_20260125_193536.log
==============================================
✔️ 所有套件已載入，環境初始化完成。


==============================================
🚀 Session Started: 2026-01-25 19:35:37.023216
📄 Log File: app_debug_20260125_193537.log
==============================================
✔️ 所有套件已載入，環境初始化完成。

