
==============================================
🚀 Session Started: 2026-01-27 01:11:27.765132
📂 Log Directory: logs
📄 Log File: app_debug_20260127_011127.log
==============================================
✔️ 所有套件已載入，環境初始化完成。

G3;
Listening on http://127.0.0.1:4337
g
🌐 執行階梯抓取: AAPL
⚠️ API 被阻擋，啟動 Chromote 模擬...
📄 正在模擬抓取頁面: financials
✅ financials 處理完成，共 30 列。
📄 正在模擬抓取頁面: balance-sheet
✅ balance-sheet 處理完成，共 15 列。
📄 正在模擬抓取頁面: cash-flow
✅ cash-flow 處理完成，共 11 列。
G2;H2;Warningh: Error in &&: 'length = 5' in coercion to 'logical(1)'g
  103: %||% [global.R#8]
  102: vbox_fun [/Users/lawrencekuo/Library/CloudStorage/OneDrive-Personal/coding/R/Just4Fun/theYNowApp/app 2.0/FFD_shinyapp_2.0/FFD_shinyapp 2.0.R#534]
  101: renderUI
  100: func
   87: renderFunc
   86: output$ibx_EPS
    1: runApp
[1] "Error in data retrieval: "
G2;H2;Warningh in p <- ggplot(plot_df, aes(x = Year, y = Value, group = 1)) + :
  Ignoring unknown aesthetics: textg
