
==============================================
🚀 Session Started: 2026-01-27 22:11:14.420615
📂 Log Directory: logs
📄 Log File: app_debug_20260127_221114.log
==============================================
✔️ 所有套件已載入，環境初始化完成。

G3;
Listening on http://127.0.0.1:4337
g
🌐 執行階梯抓取: AAPL
⚠️ API 被阻擋，啟動 Chromote 模擬...
📄 正在模擬抓取頁面: financials
✅ financials 處理完成，共 30 列。
📄 正在模擬抓取頁面: balance-sheet
✅ balance-sheet 處理完成，共 15 列。
📄 正在模擬抓取頁面: cash-flow
✅ cash-flow 處理完成，共 11 列。
[1] "Error in data retrieval: "
G2;H2;Warningh in p <- ggplot(plot_df, aes(x = Year, y = Value, group = 1)) + :
  Ignoring unknown aesthetics: textg
G2;H2;Warningh in p <- ggplot(plot_df, aes(x = Year, y = Value, group = 1)) + :
  Ignoring unknown aesthetics: textg
G2;H2;Warningh in p <- ggplot(plot_df, aes(x = Year, y = Value, group = 1)) + :
  Ignoring unknown aesthetics: textg

🌐 執行階梯抓取: KO
⚠️ API 被阻擋，啟動 Chromote 模擬...
📄 正在模擬抓取頁面: financials
✅ financials 處理完成，共 32 列。
📄 正在模擬抓取頁面: balance-sheet
✅ balance-sheet 處理完成，共 14 列。
📄 正在模擬抓取頁面: cash-flow
✅ cash-flow 處理完成，共 10 列。
G2;H2;Warningh in p <- ggplot(plot_df, aes(x = Year, y = Value, group = 1)) + :
  Ignoring unknown aesthetics: textg
[1] "Error in data retrieval: "
G2;H2;Warningh: Error in fcf_projection: could not find function "fcf_projection"g
  197: <reactive:generate_fcf_plot> [/Users/lawrencekuo/Library/CloudStorage/OneDrive-Personal/coding/R/Just4Fun/theYNowApp/app 2.0/FFD_shinyapp_2.0/FFD_shinyapp 2.0.R#917]
  195: .func
  192: contextFunc
  191: env$runWith
  180: ctx$run
  179: self$.updateValue
  177: generate_fcf_plot
  176: renderPlot [/Users/lawrencekuo/Library/CloudStorage/OneDrive-Personal/coding/R/Just4Fun/theYNowApp/app 2.0/FFD_shinyapp_2.0/FFD_shinyapp 2.0.R#965]
  174: func
  134: drawPlot
  120: <reactive:plotObj>
  100: drawReactive
   87: renderFunc
   86: output$dft_fcf_plot
    1: runApp
