
==============================================
🚀 Session Started: 2026-01-25 13:49:45.955312
📄 Log File: app_debug_20260125_134945.log
==============================================
✔️ 所有套件已載入，環境初始化完成。

G2;H2;Warningh: Navigation containers expect a collection of `bslib::nav_panel()`/`shiny::tabPanel()`s and/or `bslib::nav_menu()`/`shiny::navbarMenu()`s. Consider using `header` or `footer` if you wish to place content above (or below) every panel's contents.g
G3;
Listening on http://127.0.0.1:6137
g🌐 正在模擬 Session 擷取 AAPL 的數據...
⚠️ 擷取失敗：Yahoo 要求驗證身分 (401)，請嘗試更換 IP 或稍後再試。
G2;H2;Warningh: Error in ..stacktraceon..: Data not foundg
  166: stop
  149: <reactive:tmp> [/Users/lawrencekuo/Library/CloudStorage/OneDrive-Personal/coding/R/Just4Fun/theYNowApp/app 2.0/FFD_shinyapp_2.0/FFD_shinyapp 2.0.R#451]
  129: tmp
  122: <reactive:corp_name> [/Users/lawrencekuo/Library/CloudStorage/OneDrive-Personal/coding/R/Just4Fun/theYNowApp/app 2.0/FFD_shinyapp_2.0/FFD_shinyapp 2.0.R#459]
  102: corp_name
  101: renderText [/Users/lawrencekuo/Library/CloudStorage/OneDrive-Personal/coding/R/Just4Fun/theYNowApp/app 2.0/FFD_shinyapp_2.0/FFD_shinyapp 2.0.R#465]
  100: func
   87: renderFunc
   86: output$txt_corpname
    1: runApp
G2;H2;Warningh: Error in ..stacktraceon..: Data not foundg
  166: stop
  149: <reactive:tmp> [/Users/lawrencekuo/Library/CloudStorage/OneDrive-Personal/coding/R/Just4Fun/theYNowApp/app 2.0/FFD_shinyapp_2.0/FFD_shinyapp 2.0.R#451]
  129: tmp
  122: <reactive:corp_name> [/Users/lawrencekuo/Library/CloudStorage/OneDrive-Personal/coding/R/Just4Fun/theYNowApp/app 2.0/FFD_shinyapp_2.0/FFD_shinyapp 2.0.R#459]
  102: corp_name
  101: renderText [/Users/lawrencekuo/Library/CloudStorage/OneDrive-Personal/coding/R/Just4Fun/theYNowApp/app 2.0/FFD_shinyapp_2.0/FFD_shinyapp 2.0.R#465]
  100: func
   87: renderFunc
   86: output$txt_corpname
    1: runApp
G2;H2;Warningh: Error in ..stacktraceon..: Data not foundg
  166: stop
  149: <reactive:tmp> [/Users/lawrencekuo/Library/CloudStorage/OneDrive-Personal/coding/R/Just4Fun/theYNowApp/app 2.0/FFD_shinyapp_2.0/FFD_shinyapp 2.0.R#451]
  129: tmp
  122: <reactive:corp_name> [/Users/lawrencekuo/Library/CloudStorage/OneDrive-Personal/coding/R/Just4Fun/theYNowApp/app 2.0/FFD_shinyapp_2.0/FFD_shinyapp 2.0.R#459]
  102: corp_name
  101: renderText [/Users/lawrencekuo/Library/CloudStorage/OneDrive-Personal/coding/R/Just4Fun/theYNowApp/app 2.0/FFD_shinyapp_2.0/FFD_shinyapp 2.0.R#465]
  100: func
   87: renderFunc
   86: output$txt_corpname
    1: runApp
G2;H2;Warningh: Error in ..stacktraceon..: Data not foundg
  166: stop
  149: <reactive:tmp> [/Users/lawrencekuo/Library/CloudStorage/OneDrive-Personal/coding/R/Just4Fun/theYNowApp/app 2.0/FFD_shinyapp_2.0/FFD_shinyapp 2.0.R#451]
  129: tmp
  122: <reactive:corp_name> [/Users/lawrencekuo/Library/CloudStorage/OneDrive-Personal/coding/R/Just4Fun/theYNowApp/app 2.0/FFD_shinyapp_2.0/FFD_shinyapp 2.0.R#459]
  102: corp_name
  101: renderText [/Users/lawrencekuo/Library/CloudStorage/OneDrive-Personal/coding/R/Just4Fun/theYNowApp/app 2.0/FFD_shinyapp_2.0/FFD_shinyapp 2.0.R#465]
  100: func
   87: renderFunc
   86: output$txt_corpname
    1: runApp
G2;H2;Warningh: Error in ..stacktraceon..: Data not foundg
  166: stop
  149: <reactive:tmp> [/Users/lawrencekuo/Library/CloudStorage/OneDrive-Personal/coding/R/Just4Fun/theYNowApp/app 2.0/FFD_shinyapp_2.0/FFD_shinyapp 2.0.R#451]
  129: tmp
  122: <reactive:corp_name> [/Users/lawrencekuo/Library/CloudStorage/OneDrive-Personal/coding/R/Just4Fun/theYNowApp/app 2.0/FFD_shinyapp_2.0/FFD_shinyapp 2.0.R#459]
  102: corp_name
  101: renderText [/Users/lawrencekuo/Library/CloudStorage/OneDrive-Personal/coding/R/Just4Fun/theYNowApp/app 2.0/FFD_shinyapp_2.0/FFD_shinyapp 2.0.R#465]
  100: func
   87: renderFunc
   86: output$txt_corpname
    1: runApp
G2;H2;Warningh: Error in ..stacktraceon..: Data not foundg
  166: stop
  149: <reactive:tmp> [/Users/lawrencekuo/Library/CloudStorage/OneDrive-Personal/coding/R/Just4Fun/theYNowApp/app 2.0/FFD_shinyapp_2.0/FFD_shinyapp 2.0.R#451]
  129: tmp
  122: <reactive:corp_name> [/Users/lawrencekuo/Library/CloudStorage/OneDrive-Personal/coding/R/Just4Fun/theYNowApp/app 2.0/FFD_shinyapp_2.0/FFD_shinyapp 2.0.R#459]
  102: corp_name
  101: renderText [/Users/lawrencekuo/Library/CloudStorage/OneDrive-Personal/coding/R/Just4Fun/theYNowApp/app 2.0/FFD_shinyapp_2.0/FFD_shinyapp 2.0.R#465]
  100: func
   87: renderFunc
   86: output$txt_corpname
    1: runApp
G2;H2;Warningh: Error in ..stacktraceon..: Data not foundg
  166: stop
  149: <reactive:tmp> [/Users/lawrencekuo/Library/CloudStorage/OneDrive-Personal/coding/R/Just4Fun/theYNowApp/app 2.0/FFD_shinyapp_2.0/FFD_shinyapp 2.0.R#451]
  129: tmp
  122: <reactive:corp_name> [/Users/lawrencekuo/Library/CloudStorage/OneDrive-Personal/coding/R/Just4Fun/theYNowApp/app 2.0/FFD_shinyapp_2.0/FFD_shinyapp 2.0.R#459]
  102: corp_name
  101: renderText [/Users/lawrencekuo/Library/CloudStorage/OneDrive-Personal/coding/R/Just4Fun/theYNowApp/app 2.0/FFD_shinyapp_2.0/FFD_shinyapp 2.0.R#465]
  100: func
   87: renderFunc
   86: output$txt_corpname
    1: runApp
G2;H2;Warningh: Error in ..stacktraceon..: Data not foundg
  166: stop
  149: <reactive:tmp> [/Users/lawrencekuo/Library/CloudStorage/OneDrive-Personal/coding/R/Just4Fun/theYNowApp/app 2.0/FFD_shinyapp_2.0/FFD_shinyapp 2.0.R#451]
  129: tmp
  122: <reactive:corp_name> [/Users/lawrencekuo/Library/CloudStorage/OneDrive-Personal/coding/R/Just4Fun/theYNowApp/app 2.0/FFD_shinyapp_2.0/FFD_shinyapp 2.0.R#459]
  102: corp_name
  101: renderText [/Users/lawrencekuo/Library/CloudStorage/OneDrive-Personal/coding/R/Just4Fun/theYNowApp/app 2.0/FFD_shinyapp_2.0/FFD_shinyapp 2.0.R#465]
  100: func
   87: renderFunc
   86: output$txt_corpname
    1: runApp
G2;H2;Warningh: Error in ..stacktraceon..: Data not foundg
  166: stop
  149: <reactive:tmp> [/Users/lawrencekuo/Library/CloudStorage/OneDrive-Personal/coding/R/Just4Fun/theYNowApp/app 2.0/FFD_shinyapp_2.0/FFD_shinyapp 2.0.R#451]
  129: tmp
  122: <reactive:corp_name> [/Users/lawrencekuo/Library/CloudStorage/OneDrive-Personal/coding/R/Just4Fun/theYNowApp/app 2.0/FFD_shinyapp_2.0/FFD_shinyapp 2.0.R#459]
  102: corp_name
  101: renderText [/Users/lawrencekuo/Library/CloudStorage/OneDrive-Personal/coding/R/Just4Fun/theYNowApp/app 2.0/FFD_shinyapp_2.0/FFD_shinyapp 2.0.R#465]
  100: func
   87: renderFunc
   86: output$txt_corpname
    1: runApp
G2;H2;Warningh: Error in ..stacktraceon..: Data not foundg
  166: stop
  149: <reactive:tmp> [/Users/lawrencekuo/Library/CloudStorage/OneDrive-Personal/coding/R/Just4Fun/theYNowApp/app 2.0/FFD_shinyapp_2.0/FFD_shinyapp 2.0.R#451]
  129: tmp
  122: <reactive:corp_name> [/Users/lawrencekuo/Library/CloudStorage/OneDrive-Personal/coding/R/Just4Fun/theYNowApp/app 2.0/FFD_shinyapp_2.0/FFD_shinyapp 2.0.R#459]
  102: corp_name
  101: renderText [/Users/lawrencekuo/Library/CloudStorage/OneDrive-Personal/coding/R/Just4Fun/theYNowApp/app 2.0/FFD_shinyapp_2.0/FFD_shinyapp 2.0.R#465]
  100: func
   87: renderFunc
   86: output$txt_corpname
    1: runApp
G2;H2;Warningh: Error in ..stacktraceon..: Data not foundg
  166: stop
  149: <reactive:tmp> [/Users/lawrencekuo/Library/CloudStorage/OneDrive-Personal/coding/R/Just4Fun/theYNowApp/app 2.0/FFD_shinyapp_2.0/FFD_shinyapp 2.0.R#451]
  129: tmp
  122: <reactive:corp_name> [/Users/lawrencekuo/Library/CloudStorage/OneDrive-Personal/coding/R/Just4Fun/theYNowApp/app 2.0/FFD_shinyapp_2.0/FFD_shinyapp 2.0.R#459]
  102: corp_name
  101: renderText [/Users/lawrencekuo/Library/CloudStorage/OneDrive-Personal/coding/R/Just4Fun/theYNowApp/app 2.0/FFD_shinyapp_2.0/FFD_shinyapp 2.0.R#465]
  100: func
   87: renderFunc
   86: output$txt_corpname
    1: runApp
G2;H2;Warningh: Error in ..stacktraceon..: Data not foundg
  166: stop
  149: <reactive:tmp> [/Users/lawrencekuo/Library/CloudStorage/OneDrive-Personal/coding/R/Just4Fun/theYNowApp/app 2.0/FFD_shinyapp_2.0/FFD_shinyapp 2.0.R#451]
  129: tmp
  122: <reactive:corp_name> [/Users/lawrencekuo/Library/CloudStorage/OneDrive-Personal/coding/R/Just4Fun/theYNowApp/app 2.0/FFD_shinyapp_2.0/FFD_shinyapp 2.0.R#459]
  102: corp_name
  101: renderText [/Users/lawrencekuo/Library/CloudStorage/OneDrive-Personal/coding/R/Just4Fun/theYNowApp/app 2.0/FFD_shinyapp_2.0/FFD_shinyapp 2.0.R#465]
  100: func
   87: renderFunc
   86: output$txt_corpname
    1: runApp
G2;H2;Warningh: Error in ..stacktraceon..: Data not foundg
  166: stop
  149: <reactive:tmp> [/Users/lawrencekuo/Library/CloudStorage/OneDrive-Personal/coding/R/Just4Fun/theYNowApp/app 2.0/FFD_shinyapp_2.0/FFD_shinyapp 2.0.R#451]
  129: tmp
  122: <reactive:corp_name> [/Users/lawrencekuo/Library/CloudStorage/OneDrive-Personal/coding/R/Just4Fun/theYNowApp/app 2.0/FFD_shinyapp_2.0/FFD_shinyapp 2.0.R#459]
  102: corp_name
  101: renderText [/Users/lawrencekuo/Library/CloudStorage/OneDrive-Personal/coding/R/Just4Fun/theYNowApp/app 2.0/FFD_shinyapp_2.0/FFD_shinyapp 2.0.R#465]
  100: func
   87: renderFunc
   86: output$txt_corpname
    1: runApp
G2;H2;Warningh: Error in ..stacktraceon..: Data not foundg
  166: stop
  149: <reactive:tmp> [/Users/lawrencekuo/Library/CloudStorage/OneDrive-Personal/coding/R/Just4Fun/theYNowApp/app 2.0/FFD_shinyapp_2.0/FFD_shinyapp 2.0.R#451]
  129: tmp
  122: <reactive:corp_name> [/Users/lawrencekuo/Library/CloudStorage/OneDrive-Personal/coding/R/Just4Fun/theYNowApp/app 2.0/FFD_shinyapp_2.0/FFD_shinyapp 2.0.R#459]
  102: corp_name
  101: renderText [/Users/lawrencekuo/Library/CloudStorage/OneDrive-Personal/coding/R/Just4Fun/theYNowApp/app 2.0/FFD_shinyapp_2.0/FFD_shinyapp 2.0.R#465]
  100: func
   87: renderFunc
   86: output$txt_corpname
    1: runApp
G2;H2;Warningh: Error in ..stacktraceon..: Data not foundg
  166: stop
  149: <reactive:tmp> [/Users/lawrencekuo/Library/CloudStorage/OneDrive-Personal/coding/R/Just4Fun/theYNowApp/app 2.0/FFD_shinyapp_2.0/FFD_shinyapp 2.0.R#451]
  129: tmp
  122: <reactive:corp_name> [/Users/lawrencekuo/Library/CloudStorage/OneDrive-Personal/coding/R/Just4Fun/theYNowApp/app 2.0/FFD_shinyapp_2.0/FFD_shinyapp 2.0.R#459]
  102: corp_name
  101: renderText [/Users/lawrencekuo/Library/CloudStorage/OneDrive-Personal/coding/R/Just4Fun/theYNowApp/app 2.0/FFD_shinyapp_2.0/FFD_shinyapp 2.0.R#465]
  100: func
   87: renderFunc
   86: output$txt_corpname
    1: runApp
G2;H2;Warningh: Error in ..stacktraceon..: Data not foundg
  166: stop
  149: <reactive:tmp> [/Users/lawrencekuo/Library/CloudStorage/OneDrive-Personal/coding/R/Just4Fun/theYNowApp/app 2.0/FFD_shinyapp_2.0/FFD_shinyapp 2.0.R#451]
  129: tmp
  122: <reactive:corp_name> [/Users/lawrencekuo/Library/CloudStorage/OneDrive-Personal/coding/R/Just4Fun/theYNowApp/app 2.0/FFD_shinyapp_2.0/FFD_shinyapp 2.0.R#459]
  102: corp_name
  101: renderText [/Users/lawrencekuo/Library/CloudStorage/OneDrive-Personal/coding/R/Just4Fun/theYNowApp/app 2.0/FFD_shinyapp_2.0/FFD_shinyapp 2.0.R#465]
  100: func
   87: renderFunc
   86: output$txt_corpname
    1: runApp
G2;H2;Warningh: Error in ..stacktraceon..: Data not foundg
  166: stop
  149: <reactive:tmp> [/Users/lawrencekuo/Library/CloudStorage/OneDrive-Personal/coding/R/Just4Fun/theYNowApp/app 2.0/FFD_shinyapp_2.0/FFD_shinyapp 2.0.R#451]
  129: tmp
  122: <reactive:corp_name> [/Users/lawrencekuo/Library/CloudStorage/OneDrive-Personal/coding/R/Just4Fun/theYNowApp/app 2.0/FFD_shinyapp_2.0/FFD_shinyapp 2.0.R#459]
  102: corp_name
  101: renderText [/Users/lawrencekuo/Library/CloudStorage/OneDrive-Personal/coding/R/Just4Fun/theYNowApp/app 2.0/FFD_shinyapp_2.0/FFD_shinyapp 2.0.R#465]
  100: func
   87: renderFunc
   86: output$txt_corpname
    1: runApp
G2;H2;Warningh: Error in ..stacktraceon..: Data not foundg
  166: stop
  149: <reactive:tmp> [/Users/lawrencekuo/Library/CloudStorage/OneDrive-Personal/coding/R/Just4Fun/theYNowApp/app 2.0/FFD_shinyapp_2.0/FFD_shinyapp 2.0.R#451]
  129: tmp
  122: <reactive:corp_name> [/Users/lawrencekuo/Library/CloudStorage/OneDrive-Personal/coding/R/Just4Fun/theYNowApp/app 2.0/FFD_shinyapp_2.0/FFD_shinyapp 2.0.R#459]
  102: corp_name
  101: renderText [/Users/lawrencekuo/Library/CloudStorage/OneDrive-Personal/coding/R/Just4Fun/theYNowApp/app 2.0/FFD_shinyapp_2.0/FFD_shinyapp 2.0.R#465]
  100: func
   87: renderFunc
   86: output$txt_corpname
    1: runApp
G2;H2;Warningh: Error in ..stacktraceon..: Data not foundg
  166: stop
  149: <reactive:tmp> [/Users/lawrencekuo/Library/CloudStorage/OneDrive-Personal/coding/R/Just4Fun/theYNowApp/app 2.0/FFD_shinyapp_2.0/FFD_shinyapp 2.0.R#451]
  129: tmp
  122: <reactive:corp_name> [/Users/lawrencekuo/Library/CloudStorage/OneDrive-Personal/coding/R/Just4Fun/theYNowApp/app 2.0/FFD_shinyapp_2.0/FFD_shinyapp 2.0.R#459]
  102: corp_name
  101: renderText [/Users/lawrencekuo/Library/CloudStorage/OneDrive-Personal/coding/R/Just4Fun/theYNowApp/app 2.0/FFD_shinyapp_2.0/FFD_shinyapp 2.0.R#465]
  100: func
   87: renderFunc
   86: output$txt_corpname
    1: runApp
[1] "Error in data retrieval: Data not found"
G3;Loading required package: xts
gG3;Loading required package: zoo
gG3;
Attaching package: ‘zoo’

gG3;The following objects are masked from ‘package:data.table’:

    yearmon, yearqtr

gG3;The following objects are masked from ‘package:base’:

    as.Date, as.Date.numeric

gG3;
######################### Warning from 'xts' package ##########################
#                                                                             #
# The dplyr lag() function breaks how base R's lag() function is supposed to  #
# work, which breaks lag(my_xts). Calls to lag(my_xts) that you type or       #
# source() into this session won't work correctly.                            #
#                                                                             #
# Use stats::lag() to make sure you're not using dplyr::lag(), or you can add #
# conflictRules('dplyr', exclude = 'lag') to your .Rprofile to stop           #
# dplyr from breaking base R's lag() function.                                #
#                                                                             #
# Code in packages is not affected. It's protected by R's namespace mechanism #
# Set `options(xts.warn_dplyr_breaks_lag = FALSE)` to suppress this warning.  #
#                                                                             #
###############################################################################
gG3;
Attaching package: ‘xts’

gG3;The following objects are masked from ‘package:data.table’:

    first, last

gG3;The following objects are masked from ‘package:dplyr’:

    first, last

gG3;Loading required package: TTR
gG3;Registered S3 method overwritten by 'quantmod':
  method            from
  as.zoo.data.frame zoo 
gG3;
Attaching package: ‘quantmod’

gG3;The following object is masked from ‘package:Hmisc’:

    Lag

g
==============================================
🚀 Session Started: 2026-01-25 13:52:25.040967
📄 Log File: app_debug_20260125_135225.log
==============================================
✔️ 所有套件已載入，環境初始化完成。

🌐 正在透過 quantmod 穩定模組擷取 AAPL 的數據...
⚠️ 擷取失敗：‘getFinancials.google’ is defunct.
Google Finance stopped providing data in March, 2018.
You could try some of the data sources via Quandl instead.
See help("Defunct") and help("quantmod-defunct")
[1] "Error in data retrieval: Data not found"
🌐 正在透過 quantmod 穩定模組擷取 AAPL 的數據...
⚠️ 擷取失敗：‘getFinancials.google’ is defunct.
Google Finance stopped providing data in March, 2018.
You could try some of the data sources via Quandl instead.
See help("Defunct") and help("quantmod-defunct")
NULL

==============================================
🚀 Session Started: 2026-01-25 13:56:19.267818
📄 Log File: app_debug_20260125_135619.log
==============================================
✔️ 所有套件已載入，環境初始化完成。

🌐 正在透過 quantmod (Yahoo Source) 擷取 AAPL 的數據...
⚠️ 擷取失敗：'arg' should be “google”
[1] "Error in data retrieval: Data not found"

==============================================
🚀 Session Started: 2026-01-25 13:58:31.137405
📄 Log File: app_debug_20260125_135831.log
==============================================
✔️ 所有套件已載入，環境初始化完成。

🌐 正在透過 JSON API 直接擷取 AAPL 的數據...
❌ API 擷取失敗：HTTP 錯誤代碼: 401
[1] "Error in data retrieval: Data not found"
🌐 正在透過 JSON API 直接擷取 ＫＯ 的數據...
❌ API 擷取失敗：HTTP 錯誤代碼: 401
[1] "Error in data retrieval: Data not found"
🌐 正在透過 JSON API 直接擷取 KO 的數據...
❌ API 擷取失敗：HTTP 錯誤代碼: 401
[1] "Error in data retrieval: Data not found"

==============================================
🚀 Session Started: 2026-01-25 14:02:13.251493
📄 Log File: app_debug_20260125_140213.log
==============================================
✔️ 所有套件已載入，環境初始化完成。

🌐 正在獲取驗證憑證 (Crumb) 並擷取 AAPL...
❌ 終極擷取失敗：驗證失敗 (401)。請檢查網路環境或嘗試切換手機熱點以更換 IP。
[1] "Error in data retrieval: Data not found"

==============================================
🚀 Session Started: 2026-01-25 14:07:57.992941
📄 Log File: app_debug_20260125_140757.log
==============================================
✔️ 所有套件已載入，環境初始化完成。

🌐 正在獲取驗證憑證 (Crumb) 並擷取 AAPL...
❌ 終極擷取失敗：驗證失敗 (401)。請檢查網路環境或嘗試切換手機熱點以更換 IP。
[1] "Error in data retrieval: Data not found"

==============================================
🚀 Session Started: 2026-01-25 14:10:59.967744
📄 Log File: app_debug_20260125_141059.log
==============================================
✔️ 所有套件已載入，環境初始化完成。

🌐 正在獲取驗證憑證 (Crumb) 並擷取 AAPL...
❌ 終極擷取失敗：驗證失敗 (401)。請檢查網路環境或嘗試切換手機熱點以更換 IP。
[1] "Error in data retrieval: Data not found"
🌐 正在獲取驗證憑證 (Crumb) 並擷取 KO...
❌ 終極擷取失敗：驗證失敗 (401)。請檢查網路環境或嘗試切換手機熱點以更換 IP。
[1] "Error in data retrieval: Data not found"

==============================================
🚀 Session Started: 2026-01-25 14:20:08.730924
📄 Log File: app_debug_20260125_142008.log
==============================================
✔️ 所有套件已載入，環境初始化完成。

 cercando 嘗試透過 API 擷取 AAPL...
⚠️ API 被阻擋，啟動最後手段：無頭瀏覽器自動化...
[1] "Error in data retrieval: attempt to apply non-function"
