
==============================================
🚀 Session Started: 2026-01-25 13:35:12.963683
📄 Log File: app_debug_20260125_133512.log
==============================================

✔️ 所有套件已載入，環境初始化完成。
G2;H2;Warningh: Navigation containers expect a collection of `bslib::nav_panel()`/`shiny::tabPanel()`s and/or `bslib::nav_menu()`/`shiny::navbarMenu()`s. Consider using `header` or `footer` if you wish to place content above (or below) every panel's contents.g
G3;
Listening on http://127.0.0.1:6137
gG3;❌ 錯誤讀取頁面：https://finance.yahoo.com/quote/AAPL/financials?p=AAPL - HTTP 404
gG3;❌ 錯誤讀取頁面：https://finance.yahoo.com/quote/AAPL/balance-sheet?p=AAPL - HTTP 404
gG3;❌ 錯誤讀取頁面：https://finance.yahoo.com/quote/AAPL/cash-flow?p=AAPL - HTTP 404
gG3;Error scraping income statement: Not Found (HTTP 404).
gG2;H2;Warningh in select_clean_metric_row(d_income_statement(), "Gross Profit") :
  ⚠️ 資料中缺少 'Breakdown' 欄位g
G2;H2;Warningh in get_avg(select_clean_metric_row(d_income_statement(), "Gross Profit")) :
  ⚠️ 資料不足以計算平均值g
G2;H2;Warningh in select_clean_metric_row(d_income_statement(), "Total Revenue") :
  ⚠️ 資料中缺少 'Breakdown' 欄位g
G2;H2;Warningh in get_avg(select_clean_metric_row(d_income_statement(), "Total Revenue")) :
  ⚠️ 資料不足以計算平均值g
G2;H2;Warningh in select_clean_metric_row(d_income_statement(), "Net Income from Continuing & Discontinued Operation") :
  ⚠️ 資料中缺少 'Breakdown' 欄位g
G2;H2;Warningh in get_avg(select_clean_metric_row(d_income_statement(), "Net Income from Continuing & Discontinued Operation")) :
  ⚠️ 資料不足以計算平均值g
G2;H2;Warningh in select_clean_metric_row(d_income_statement(), "Total Revenue") :
  ⚠️ 資料中缺少 'Breakdown' 欄位g
G2;H2;Warningh in get_avg(select_clean_metric_row(d_income_statement(), "Total Revenue")) :
  ⚠️ 資料不足以計算平均值g
G2;H2;Warningh in select_clean_metric_row(d_income_statement(), "Gross Profit") :
  ⚠️ 資料中缺少 'Breakdown' 欄位g
G2;H2;Warningh in get_avg_growth(select_clean_metric_row(d_income_statement(),  :
  ⚠️ 資料不足以計算成長率g
G2;H2;Warningh in select_clean_metric_row(d_income_statement(), "Total Revenue") :
  ⚠️ 資料中缺少 'Breakdown' 欄位g
G2;H2;Warningh in get_avg_growth(select_clean_metric_row(d_income_statement(),  :
  ⚠️ 資料不足以計算成長率g
G2;H2;Warningh in select_clean_metric_row(d_income_statement(), "Operating Expense") :
  ⚠️ 資料中缺少 'Breakdown' 欄位g
G2;H2;Warningh in get_avg(select_clean_metric_row(d_income_statement(), "Operating Expense")) :
  ⚠️ 資料不足以計算平均值g
G2;H2;Warningh in select_clean_metric_row(d_income_statement(), "Total Revenue") :
  ⚠️ 資料中缺少 'Breakdown' 欄位g
G2;H2;Warningh in get_avg(select_clean_metric_row(d_income_statement(), "Total Revenue")) :
  ⚠️ 資料不足以計算平均值g
G3;Error scraping balance sheet: Not Found (HTTP 404).
gG2;H2;Warningh in select_clean_metric_row(d_balance_sheet(), "Total Assets") :
  ⚠️ 資料中缺少 'Breakdown' 欄位g
G2;H2;Warningh in get_avg(select_clean_metric_row(d_balance_sheet(), "Total Assets")) :
  ⚠️ 資料不足以計算平均值g
G2;H2;Warningh in select_clean_metric_row(d_balance_sheet(), "Common Stock Equity") :
  ⚠️ 資料中缺少 'Breakdown' 欄位g
G2;H2;Warningh in get_avg(select_clean_metric_row(d_balance_sheet(), "Common Stock Equity")) :
  ⚠️ 資料不足以計算平均值g
G3;Error scraping cash flow: Not Found (HTTP 404).
gG2;H2;Warningh in select_clean_metric_row(d_cash_flow(), "Operating Cash Flow") :
  ⚠️ 資料中缺少 'Breakdown' 欄位g
G2;H2;Warningh in get_avg_growth(select_clean_metric_row(d_cash_flow(), "Operating Cash Flow")) :
  ⚠️ 資料不足以計算成長率g
G2;H2;Warningh in select_clean_metric_row(d_cash_flow(), "Investing Cash Flow") :
  ⚠️ 資料中缺少 'Breakdown' 欄位g
G2;H2;Warningh in get_avg_growth(select_clean_metric_row(d_cash_flow(), "Investing Cash Flow")) :
  ⚠️ 資料不足以計算成長率g
G2;H2;Warningh in select_clean_metric_row(d_cash_flow(), "Financing Cash Flow") :
  ⚠️ 資料中缺少 'Breakdown' 欄位g
G2;H2;Warningh in get_avg_growth(select_clean_metric_row(d_cash_flow(), "Financing Cash Flow")) :
  ⚠️ 資料不足以計算成長率g
G2;H2;Warningh in select_clean_metric_row(d_cash_flow(), "Free Cash Flow") :
  ⚠️ 資料中缺少 'Breakdown' 欄位g
G2;H2;Warningh in get_avg(select_clean_metric_row(d_cash_flow(), "Free Cash Flow")) :
  ⚠️ 資料不足以計算平均值g
G2;H2;Warningh in select_clean_metric_row(d_cash_flow(), "Operating Cash Flow") :
  ⚠️ 資料中缺少 'Breakdown' 欄位g
G2;H2;Warningh in get_avg(select_clean_metric_row(d_cash_flow(), "Operating Cash Flow")) :
  ⚠️ 資料不足以計算平均值g
G2;H2;Warningh in select_clean_metric_row(d_cash_flow(), "Operating Cash Flow") :
  ⚠️ 資料中缺少 'Breakdown' 欄位g
G2;H2;Warningh in get_avg(select_clean_metric_row(d_cash_flow(), "Operating Cash Flow")) :
  ⚠️ 資料不足以計算平均值g
G2;H2;Warningh in select_clean_metric_row(d_income_statement(), "Net Income from Continuing & Discontinued Operation") :
  ⚠️ 資料中缺少 'Breakdown' 欄位g
G2;H2;Warningh in get_avg(select_clean_metric_row(d_income_statement(), "Net Income from Continuing & Discontinued Operation")) :
  ⚠️ 資料不足以計算平均值g
G2;H2;Warningh in select_clean_metric_row(d_cash_flow(), "Operating Cash Flow") :
  ⚠️ 資料中缺少 'Breakdown' 欄位g
G2;H2;Warningh in get_avg(select_clean_metric_row(d_cash_flow(), "Operating Cash Flow")) :
  ⚠️ 資料不足以計算平均值g
G2;H2;Warningh in select_clean_metric_row(d_income_statement(), "Net Income from Continuing & Discontinued Operation") :
  ⚠️ 資料中缺少 'Breakdown' 欄位g
G2;H2;Warningh in get_avg(select_clean_metric_row(d_income_statement(), "Net Income from Continuing & Discontinued Operation")) :
  ⚠️ 資料不足以計算平均值g
G2;H2;Warningh in select_clean_metric_row(d_balance_sheet(), "Total Debt") :
  ⚠️ 資料中缺少 'Breakdown' 欄位g
G2;H2;Warningh in get_avg(select_clean_metric_row(d_balance_sheet(), "Total Debt")) :
  ⚠️ 資料不足以計算平均值g
G2;H2;Warningh in select_clean_metric_row(d_balance_sheet(), "Common Stock Equity") :
  ⚠️ 資料中缺少 'Breakdown' 欄位g
G2;H2;Warningh in get_avg(select_clean_metric_row(d_balance_sheet(), "Common Stock Equity")) :
  ⚠️ 資料不足以計算平均值g



==============================================
🚀 Session Started: 2026-01-25 13:42:21.280384
📄 Log File: app_debug_20260125_134221.log
==============================================
✔️ 所有套件已載入，環境初始化完成。

🌐 正在透過隱藏 API 擷取 AAPL 的數據...
[1] "Error in data retrieval: Data not found"

==============================================
🚀 Session Started: 2026-01-25 13:45:27.943279
📄 Log File: app_debug_20260125_134527.log
==============================================
✔️ 所有套件已載入，環境初始化完成。

🌐 正在嘗試擷取 AAPL 的數據 (API 模式)...
⚠️ 擷取終止：HTTP 401
[1] "Error in data retrieval: Data not found"

==============================================
🚀 Session Started: 2026-01-25 13:47:11.901685
📄 Log File: app_debug_20260125_134711.log
==============================================
✔️ 所有套件已載入，環境初始化完成。

🌐 正在模擬 Session 擷取 AAPL 的數據...
⚠️ 擷取失敗：Yahoo 要求驗證身分 (401)，請嘗試更換 IP 或稍後再試。
[1] "Error in data retrieval: Data not found"

==============================================
🚀 Session Started: 2026-01-25 13:49:45.955312
📄 Log File: app_debug_20260125_134945.log
==============================================
✔️ 所有套件已載入，環境初始化完成。

🌐 正在模擬 Session 擷取 AAPL 的數據...
⚠️ 擷取失敗：Yahoo 要求驗證身分 (401)，請嘗試更換 IP 或稍後再試。
[1] "Error in data retrieval: Data not found"

==============================================
🚀 Session Started: 2026-01-25 13:52:25.040967
📄 Log File: app_debug_20260125_135225.log
==============================================
✔️ 所有套件已載入，環境初始化完成。

🌐 正在透過 quantmod 穩定模組擷取 AAPL 的數據...
⚠️ 擷取失敗：‘getFinancials.google’ is defunct.
Google Finance stopped providing data in March, 2018.
You could try some of the data sources via Quandl instead.
See help("Defunct") and help("quantmod-defunct")
[1] "Error in data retrieval: Data not found"
🌐 正在透過 quantmod 穩定模組擷取 AAPL 的數據...
⚠️ 擷取失敗：‘getFinancials.google’ is defunct.
Google Finance stopped providing data in March, 2018.
You could try some of the data sources via Quandl instead.
See help("Defunct") and help("quantmod-defunct")
NULL

==============================================
🚀 Session Started: 2026-01-25 13:56:19.267818
📄 Log File: app_debug_20260125_135619.log
==============================================
✔️ 所有套件已載入，環境初始化完成。

🌐 正在透過 quantmod (Yahoo Source) 擷取 AAPL 的數據...
⚠️ 擷取失敗：'arg' should be “google”
[1] "Error in data retrieval: Data not found"

==============================================
🚀 Session Started: 2026-01-25 13:58:31.137405
📄 Log File: app_debug_20260125_135831.log
==============================================
✔️ 所有套件已載入，環境初始化完成。

🌐 正在透過 JSON API 直接擷取 AAPL 的數據...
❌ API 擷取失敗：HTTP 錯誤代碼: 401
[1] "Error in data retrieval: Data not found"
🌐 正在透過 JSON API 直接擷取 ＫＯ 的數據...
❌ API 擷取失敗：HTTP 錯誤代碼: 401
[1] "Error in data retrieval: Data not found"
🌐 正在透過 JSON API 直接擷取 KO 的數據...
❌ API 擷取失敗：HTTP 錯誤代碼: 401
[1] "Error in data retrieval: Data not found"

==============================================
🚀 Session Started: 2026-01-25 14:02:13.251493
📄 Log File: app_debug_20260125_140213.log
==============================================
✔️ 所有套件已載入，環境初始化完成。

🌐 正在獲取驗證憑證 (Crumb) 並擷取 AAPL...
❌ 終極擷取失敗：驗證失敗 (401)。請檢查網路環境或嘗試切換手機熱點以更換 IP。
[1] "Error in data retrieval: Data not found"

==============================================
🚀 Session Started: 2026-01-25 14:07:57.992941
📄 Log File: app_debug_20260125_140757.log
==============================================
✔️ 所有套件已載入，環境初始化完成。

🌐 正在獲取驗證憑證 (Crumb) 並擷取 AAPL...
❌ 終極擷取失敗：驗證失敗 (401)。請檢查網路環境或嘗試切換手機熱點以更換 IP。
[1] "Error in data retrieval: Data not found"

==============================================
🚀 Session Started: 2026-01-25 14:10:59.967744
📄 Log File: app_debug_20260125_141059.log
==============================================
✔️ 所有套件已載入，環境初始化完成。

🌐 正在獲取驗證憑證 (Crumb) 並擷取 AAPL...
❌ 終極擷取失敗：驗證失敗 (401)。請檢查網路環境或嘗試切換手機熱點以更換 IP。
[1] "Error in data retrieval: Data not found"
🌐 正在獲取驗證憑證 (Crumb) 並擷取 KO...
❌ 終極擷取失敗：驗證失敗 (401)。請檢查網路環境或嘗試切換手機熱點以更換 IP。
[1] "Error in data retrieval: Data not found"

==============================================
🚀 Session Started: 2026-01-25 14:20:08.730924
📄 Log File: app_debug_20260125_142008.log
==============================================
✔️ 所有套件已載入，環境初始化完成。

 cercando 嘗試透過 API 擷取 AAPL...
⚠️ API 被阻擋，啟動最後手段：無頭瀏覽器自動化...
[1] "Error in data retrieval: attempt to apply non-function"
