
==============================================
🚀 Session Started: 2026-01-27 00:36:23.457905
📂 Log Directory: logs
📄 Log File: app_debug_20260127_003623.log
==============================================
✔️ 所有套件已載入，環境初始化完成。

G3;
Listening on http://127.0.0.1:4337
g
🌐 執行階梯抓取: AAPL
⚠️ API 被阻擋，啟動 Chromote 模擬...
📄 正在模擬抓取頁面: financials
✅ financials 處理完成，共 30 列。
📄 正在模擬抓取頁面: balance-sheet
✅ balance-sheet 處理完成，共 15 列。
📄 正在模擬抓取頁面: cash-flow
✅ cash-flow 處理完成，共 11 列。
G2;H2;Warningh in p <- ggplot(plot_df, aes(x = Year, y = Value, group = 1)) + :
  Ignoring unknown aesthetics: textg
G2;H2;Warningh: Error in fcf_projection: could not find function "fcf_projection"g
  197: <reactive:generate_fcf_plot> [/Users/lawrencekuo/Library/CloudStorage/OneDrive-Personal/coding/R/Just4Fun/theYNowApp/app 2.0/FFD_shinyapp_2.0/FFD_shinyapp 2.0.R#956]
  195: .func
  192: contextFunc
  191: env$runWith
  180: ctx$run
  179: self$.updateValue
  177: generate_fcf_plot
  176: renderPlot [/Users/lawrencekuo/Library/CloudStorage/OneDrive-Personal/coding/R/Just4Fun/theYNowApp/app 2.0/FFD_shinyapp_2.0/FFD_shinyapp 2.0.R#1004]
  174: func
  134: drawPlot
  120: <reactive:plotObj>
  100: drawReactive
   87: renderFunc
   86: output$dft_fcf_plot
    1: runApp
G2;H2;Warningh: Error in generate_fcf_plot: c(2026, 2027, 2028, 2029, 2030)c(98767000, 101730010, 104781910.3, 107925367.609, 111163128.63727)c("Gordon 預測", "Gordon 預測", "Gordon 預測", "Gordon 預測", "Gordon 預測")g
  178: stop
  177: generate_fcf_plot
  176: renderPlot [/Users/lawrencekuo/Library/CloudStorage/OneDrive-Personal/coding/R/Just4Fun/theYNowApp/app 2.0/FFD_shinyapp_2.0/FFD_shinyapp 2.0.R#1150]
  174: func
  134: drawPlot
  120: <reactive:plotObj>
  100: drawReactive
   87: renderFunc
   86: output$fcf_plot
    1: runApp
G2;H2;Warningh: Error in generate_fcf_plot: c(2026, 2027, 2028, 2029, 2030)c(98767000, 103705350, 108890617.5, 114335148.375, 120051905.79375)c("Gordon 預測", "Gordon 預測", "Gordon 預測", "Gordon 預測", "Gordon 預測")g
  178: stop
  177: generate_fcf_plot
  176: renderPlot [/Users/lawrencekuo/Library/CloudStorage/OneDrive-Personal/coding/R/Just4Fun/theYNowApp/app 2.0/FFD_shinyapp_2.0/FFD_shinyapp 2.0.R#1150]
  174: func
  134: drawPlot
  120: <reactive:plotObj>
  100: drawReactive
   87: renderFunc
   86: output$fcf_plot
    1: runApp
G2;H2;Warningh: Error in generate_fcf_plot: c(2026, 2027, 2028, 2029, 2030)c(98767000, 103705350, 108890617.5, 114335148.375, 120051905.79375)c("Gordon 預測", "Gordon 預測", "Gordon 預測", "Gordon 預測", "Gordon 預測")g
  178: stop
  177: generate_fcf_plot
  176: renderPlot [/Users/lawrencekuo/Library/CloudStorage/OneDrive-Personal/coding/R/Just4Fun/theYNowApp/app 2.0/FFD_shinyapp_2.0/FFD_shinyapp 2.0.R#1150]
  174: func
  134: drawPlot
  120: <reactive:plotObj>
  100: drawReactive
   87: renderFunc
   86: output$fcf_plot
    1: runApp
G2;H2;Warningh: Error in generate_fcf_plot: c(2026, 2027, 2028, 2029, 2030)c(98767000, 103705350, 108890617.5, 114335148.375, 120051905.79375)c("Gordon 預測", "Gordon 預測", "Gordon 預測", "Gordon 預測", "Gordon 預測")g
  178: stop
  177: generate_fcf_plot
  176: renderPlot [/Users/lawrencekuo/Library/CloudStorage/OneDrive-Personal/coding/R/Just4Fun/theYNowApp/app 2.0/FFD_shinyapp_2.0/FFD_shinyapp 2.0.R#1004]
  174: func
  134: drawPlot
  120: <reactive:plotObj>
  100: drawReactive
   87: renderFunc
   86: output$dft_fcf_plot
    1: runApp
Error: object 'metric_name' not found
