
==============================================
🚀 Session Started: 2026-01-25 19:59:05.804927
📄 Log File: app_debug_20260125_195905.log
==============================================
✔️ 所有套件已載入，環境初始化完成。

[1] "✅ setup.R 已成功載入所有函數"
G2;H2;Warningh: Navigation containers expect a collection of `bslib::nav_panel()`/`shiny::tabPanel()`s and/or `bslib::nav_menu()`/`shiny::navbarMenu()`s. Consider using `header` or `footer` if you wish to place content above (or below) every panel's contents.g
G3;
Listening on http://127.0.0.1:7751
gG2;H2;Warningh: Error in <-: invalid (NULL) left side of assignmentg
  38: server [/Users/lawrencekuo/Library/CloudStorage/OneDrive-Personal/coding/R/Just4Fun/theYNowApp/app 2.0/FFD_shinyapp_2.0/FFD_shinyapp 2.0.R#465]
   1: runApp
Error in d_income_statement() <- reactive({ : 
  invalid (NULL) left side of assignment



==============================================
🚀 Session Started: 2026-01-25 20:00:23.0542
📄 Log File: app_debug_20260125_200023.log
==============================================
✔️ 所有套件已載入，環境初始化完成。

[1] "✅ setup.R 已成功載入所有函數"
🌐 執行階梯抓取: AAPL
⚠️ API 被阻擋，啟動 Chromote 模擬...

==============================================
🚀 Session Started: 2026-01-25 20:01:27.6328
📄 Log File: app_debug_20260125_200127.log
==============================================
✔️ 所有套件已載入，環境初始化完成。

[1] "✅ setup.R 已成功載入所有函數"
🌐 執行階梯抓取: AAPL
⚠️ API 被阻擋，啟動 Chromote 模擬...

==============================================
🚀 Session Started: 2026-01-25 20:05:42.942051
📄 Log File: app_debug_20260125_200542.log
==============================================
✔️ 所有套件已載入，環境初始化完成。

[1] "✅ setup.R 已成功載入所有函數"
🌐 執行階梯抓取: AAPL
[1] "✅ setup.R 已成功載入所有函數"

==============================================
🚀 Session Started: 2026-01-25 20:10:06.958619
📄 Log File: app_debug_20260125_201006.log
==============================================
✔️ 所有套件已載入，環境初始化完成。

[1] "✅ setup.R 已成功載入所有函數"
🌐 執行階梯抓取: AAPL
⚠️ API 被阻擋，啟動 Chromote 模擬...
[1] "✅ setup.R 已成功載入所有函數"

==============================================
🚀 Session Started: 2026-01-25 20:18:54.019794
📄 Log File: app_debug_20260125_201854.log
==============================================
✔️ 所有套件已載入，環境初始化完成。

[1] "✅ setup.R 已成功載入所有函數"
🌐 執行階梯抓取: AAPL
⚠️ API 被阻擋，啟動 Chromote 模擬...
📄 正在模擬抓取頁面: financials
📄 正在模擬抓取頁面: balance-sheet
📄 正在模擬抓取頁面: cash-flow
📄 正在模擬抓取頁面: financials
Called from: paste0("https://finance.yahoo.com/quote/", stock_code, "/", sub_path)

==============================================
🚀 Session Started: 2026-01-25 20:23:01.441915
📄 Log File: app_debug_20260125_202301.log
==============================================
✔️ 所有套件已載入，環境初始化完成。

[1] "✅ setup.R 已成功載入所有函數"
🌐 執行階梯抓取: AAPL
⚠️ API 被阻擋，啟動 Chromote 模擬...
📄 正在模擬抓取頁面: financials
📄 正在模擬抓取頁面: balance-sheet
📄 正在模擬抓取頁面: cash-flow
