
==============================================
🚀 Session Started: 2026-01-25 20:23:01.441915
📄 Log File: app_debug_20260125_202301.log
==============================================
✔️ 所有套件已載入，環境初始化完成。

[1] "✅ setup.R 已成功載入所有函數"
G2;H2;Warningh: Navigation containers expect a collection of `bslib::nav_panel()`/`shiny::tabPanel()`s and/or `bslib::nav_menu()`/`shiny::navbarMenu()`s. Consider using `header` or `footer` if you wish to place content above (or below) every panel's contents.g
G3;
Listening on http://127.0.0.1:7751
gG2;H2;Warningh: Error in sink: sink stack is fullg
  105: sink
  104: utils::capture.output
  102: transform
  101: func
   99: f
   98: Reduce
   89: do
   88: hybrid_chain
   87: renderFunc
   86: output$txt_corpname
    1: runApp
G2;H2;Warningh: Error in sink: sink stack is fullg
  1: runApp
🌐 執行階梯抓取: AAPL
⚠️ API 被阻擋，啟動 Chromote 模擬...
📄 正在模擬抓取頁面: financials
G2;H2;Warningh in (function (..., deparse.level = 1)  :
  number of columns of result is not a multiple of vector length (arg 32)g
📄 正在模擬抓取頁面: balance-sheet
G2;H2;Warningh in (function (..., deparse.level = 1)  :
  number of columns of result is not a multiple of vector length (arg 17)g
📄 正在模擬抓取頁面: cash-flow
G2;H2;Warningh in (function (..., deparse.level = 1)  :
  number of columns of result is not a multiple of vector length (arg 13)g
G2;H2;Warningh: Error in [[: attempt to select less than one element in get1indexg
  103: get_box_color [industry_standards.R#9]
  102: vbox_fun [kpi_module.R#10]
  101: renderUI
  100: func
   87: renderFunc
   86: output$kpi-vbx_gross_profit_margin
    1: runApp
G2;H2;Warningh: Error in sink: sink stack is fullg
  1: runApp
G2;H2;Warningh: Error in [[: attempt to select less than one element in get1indexg
  103: get_box_color [industry_standards.R#9]
  102: vbox_fun [kpi_module.R#24]
  101: renderUI
  100: func
   87: renderFunc
   86: output$kpi-vbx_net_profit_margin
    1: runApp
G2;H2;Warningh: Error in sink: sink stack is fullg
  1: runApp
G2;H2;Warningh: Error in [[: attempt to select less than one element in get1indexg
  103: get_box_color [industry_standards.R#9]
  102: vbox_fun [kpi_module.R#35]
  101: renderUI
  100: func
   87: renderFunc
   86: output$kpi-vbx_gross_profit_growth
    1: runApp
G2;H2;Warningh: Error in sink: sink stack is fullg
  1: runApp
G2;H2;Warningh: Error in [[: attempt to select less than one element in get1indexg
  103: get_box_color [industry_standards.R#9]
  102: vbox_fun [kpi_module.R#45]
  101: renderUI
  100: func
   87: renderFunc
   86: output$kpi-vbx_rev_growth
    1: runApp
G2;H2;Warningh: Error in sink: sink stack is fullg
  1: runApp
G2;H2;Warningh: Error in [[: attempt to select less than one element in get1indexg
  103: get_box_color [industry_standards.R#9]
  102: vbox_fun [kpi_module.R#57]
  101: renderUI
  100: func
   87: renderFunc
   86: output$kpi-vbx_opex_ratio
    1: runApp
G2;H2;Warningh: Error in sink: sink stack is fullg
  1: runApp
G2;H2;Warningh: Error in [[: attempt to select less than one element in get1indexg
  103: get_box_color [industry_standards.R#9]
  102: vbox_fun [kpi_module.R#70]
  101: renderUI
  100: func
   87: renderFunc
   86: output$kpi-vbx_eqt_multiplier
    1: runApp
G2;H2;Warningh: Error in sink: sink stack is fullg
  1: runApp
G2;H2;Warningh: Error in [[: attempt to select less than one element in get1indexg
  103: get_box_color [industry_standards.R#9]
  102: vbox_fun [kpi_module.R#81]
  101: renderUI
  100: func
   87: renderFunc
   86: output$kpi-vbx_op_cash_flow_growth
    1: runApp
G2;H2;Warningh: Error in sink: sink stack is fullg
  1: runApp
G2;H2;Warningh: Error in [[: attempt to select less than one element in get1indexg
  103: get_box_color [industry_standards.R#9]
  102: vbox_fun [kpi_module.R#91]
  101: renderUI
  100: func
   87: renderFunc
   86: output$kpi-vbx_inv_cash_flow_growth
    1: runApp
G2;H2;Warningh: Error in sink: sink stack is fullg
  1: runApp
G2;H2;Warningh: Error in [[: attempt to select less than one element in get1indexg
  103: get_box_color [industry_standards.R#9]
  102: vbox_fun [kpi_module.R#101]
  101: renderUI
  100: func
   87: renderFunc
   86: output$kpi-vbx_fin_cash_flow_growth
    1: runApp
G2;H2;Warningh: Error in sink: sink stack is fullg
  1: runApp
G2;H2;Warningh: Error in sink: sink stack is fullg
  105: sink
  104: utils::capture.output
  102: transform
  101: func
   99: f
   98: Reduce
   89: do
   88: hybrid_chain
   87: renderFunc
   86: output$nofreecashflow
    1: runApp
G2;H2;Warningh: Error in sink: sink stack is fullg
  1: runApp
G2;H2;Warningh: Error in sink: sink stack is fullg
  105: sink
  104: utils::capture.output
  102: transform
  101: func
   99: f
   98: Reduce
   89: do
   88: hybrid_chain
   87: renderFunc
   86: output$nooperatingcashflow
    1: runApp
G2;H2;Warningh: Error in sink: sink stack is fullg
  1: runApp
G2;H2;Warningh: Error in sink: sink stack is fullg
  105: sink
  104: utils::capture.output
  102: transform
  101: func
   99: f
   98: Reduce
   89: do
   88: hybrid_chain
   87: renderFunc
   86: output$notdoingbusiness
    1: runApp
G2;H2;Warningh: Error in sink: sink stack is fullg
  1: runApp
G2;H2;Warningh: Error in sink: sink stack is fullg
  105: sink
  104: utils::capture.output
  102: transform
  101: func
   99: f
   98: Reduce
   89: do
   88: hybrid_chain
   87: renderFunc
   86: output$notgettingcashback
    1: runApp
G2;H2;Warningh: Error in sink: sink stack is fullg
  1: runApp
G2;H2;Warningh: Error in sink: sink stack is fullg
  105: sink
  104: utils::capture.output
  102: transform
  101: func
   99: f
   98: Reduce
   89: do
   88: hybrid_chain
   87: renderFunc
   86: output$highdebttoequity
    1: runApp
G2;H2;Warningh: Error in sink: sink stack is fullg
  1: runApp
G2;H2;Warningh: Error in sink: sink stack is fullg
  105: sink
  104: utils::capture.output
  102: transform
  101: func
   99: f
   98: Reduce
   89: do
   88: hybrid_chain
   87: renderFunc
   86: output$no_fraud_detected
    1: runApp
G2;H2;Warningh: Error in sink: sink stack is fullg
  1: runApp
G2;H2;Warningh: Error in sink: sink stack is fullg
  105: sink
  104: utils::capture.output
  102: transform
  101: func
   99: f
   98: Reduce
   89: do
   88: hybrid_chain
   87: renderFunc
   86: output$today
    1: runApp
G2;H2;Warningh: Error in sink: sink stack is fullg
  1: runApp
G2;H2;Warningh: Error in sink: sink stack is fullg
  105: sink
  104: utils::capture.output
  102: transform
  101: func
   99: f
   98: Reduce
   89: do
   88: hybrid_chain
   87: renderFunc
   86: output$recentsearch
    1: runApp
G2;H2;Warningh: Error in sink: sink stack is fullg
  1: runApp


Error in sink(log_con, split = TRUE) : sink stack is full
