
==============================================
🚀 Session Started: 2026-01-27 00:10:11.625411
📂 Log Directory: logs
📄 Log File: app_debug_20260127_001011.log
==============================================
G3;Loading required package: pacman
g✔️ 所有套件已載入，環境初始化完成。

G3;
Attaching package: ‘httr’

gG3;The following object is masked from ‘package:plotly’:

    config

gG2;H2;Warningh: Navigation containers expect a collection of `bslib::nav_panel()`/`shiny::tabPanel()`s and/or `bslib::nav_menu()`/`shiny::navbarMenu()`s. Consider using `header` or `footer` if you wish to place content above (or below) every panel's contents.g
G3;
Listening on http://127.0.0.1:4337
g
🌐 執行階梯抓取: AAPL
⚠️ API 被阻擋，啟動 Chromote 模擬...
📄 正在模擬抓取頁面: financials
✅ financials 處理完成，共 30 列。
📄 正在模擬抓取頁面: balance-sheet
✅ balance-sheet 處理完成，共 15 列。
📄 正在模擬抓取頁面: cash-flow
✅ cash-flow 處理完成，共 11 列。
G2;H2;Warningh: Error in [[: attempt to select less than one element in get1indexg
  106: get_box_color [industry_standards.R#10]
  102: vbox_fun [kpi_module.R#36]
  101: renderUI
  100: func
   87: renderFunc
   86: output$kpi-vbx_gross_profit_margin
    1: runApp
G2;H2;Warningh: Error in [[: attempt to select less than one element in get1indexg
  106: get_box_color [industry_standards.R#10]
  102: vbox_fun [kpi_module.R#45]
  101: renderUI
  100: func
   87: renderFunc
   86: output$kpi-vbx_net_profit_margin
    1: runApp
G2;H2;Warningh: Error in [[: attempt to select less than one element in get1indexg
  106: get_box_color [industry_standards.R#10]
  102: vbox_fun [kpi_module.R#54]
  101: renderUI
  100: func
   87: renderFunc
   86: output$kpi-vbx_rev_growth
    1: runApp
G2;H2;Warningh: Error in [[: attempt to select less than one element in get1indexg
  106: get_box_color [industry_standards.R#10]
  102: vbox_fun [kpi_module.R#63]
  101: renderUI
  100: func
   87: renderFunc
   86: output$kpi-vbx_gross_profit_growth
    1: runApp
G2;H2;Warningh: Error in [[: attempt to select less than one element in get1indexg
  106: get_box_color [industry_standards.R#10]
  102: vbox_fun [kpi_module.R#74]
  101: renderUI
  100: func
   87: renderFunc
   86: output$kpi-vbx_eqt_multiplier
    1: runApp
G2;H2;Warningh: Error in [[: attempt to select less than one element in get1indexg
  106: get_box_color [industry_standards.R#10]
  102: vbox_fun [kpi_module.R#112]
  101: renderUI
  100: func
   87: renderFunc
   86: output$kpi-vbx_ROE
    1: runApp
G2;H2;Warningh: Error in [[: attempt to select less than one element in get1indexg
  106: get_box_color [industry_standards.R#10]
  102: vbox_fun [kpi_module.R#121]
  101: renderUI
  100: func
   87: renderFunc
   86: output$kpi-vbx_ROA
    1: runApp
