
==============================================

==============================================
🚀 Session Started: 2026-01-25 20:51:00.955697
🚀 Session Started: 2026-01-25 20:51:00.955697
📄 Log File: app_debug_20260125_205100.log
📄 Log File: app_debug_20260125_205100.log
==============================================
==============================================
✔️ 所有套件已載入，環境初始化完成。

✔️ 所有套件已載入，環境初始化完成。

G2;H2;Warningh: Navigation containers expect a collection of `bslib::nav_panel()`/`shiny::tabPanel()`s and/or `bslib::nav_menu()`/`shiny::navbarMenu()`s. Consider using `header` or `footer` if you wish to place content above (or below) every panel's contents.g
G3;
Listening on http://127.0.0.1:7751
g🌐 執行階梯抓取: AAPL
🌐 執行階梯抓取: AAPL
⚠️ API 被阻擋，啟動 Chromote 模擬...
⚠️ API 被阻擋，啟動 Chromote 模擬...
📄 正在模擬抓取頁面: financials
📄 正在模擬抓取頁面: financials
📄 正在模擬抓取頁面: balance-sheet
📄 正在模擬抓取頁面: balance-sheet
📄 正在模擬抓取頁面: cash-flow
📄 正在模擬抓取頁面: cash-flow
G2;H2;Warningh: Error in [[: attempt to select less than one element in get1indexg
  103: get_box_color [industry_standards.R#9]
  102: vbox_fun [kpi_module.R#11]
  101: renderUI
  100: func
   87: renderFunc
   86: output$kpi-vbx_gross_profit_margin
    1: runApp
G2;H2;Warningh: Error in [[: attempt to select less than one element in get1indexg
  103: get_box_color [industry_standards.R#9]
  102: vbox_fun [kpi_module.R#26]
  101: renderUI
  100: func
   87: renderFunc
   86: output$kpi-vbx_net_profit_margin
    1: runApp
G2;H2;Warningh: Error in [[: attempt to select less than one element in get1indexg
  103: get_box_color [industry_standards.R#9]
  102: vbox_fun [kpi_module.R#38]
  101: renderUI
  100: func
   87: renderFunc
   86: output$kpi-vbx_gross_profit_growth
    1: runApp
G2;H2;Warningh: Error in [[: attempt to select less than one element in get1indexg
  103: get_box_color [industry_standards.R#9]
  102: vbox_fun [kpi_module.R#49]
  101: renderUI
  100: func
   87: renderFunc
   86: output$kpi-vbx_rev_growth
    1: runApp
G2;H2;Warningh: Error in [[: attempt to select less than one element in get1indexg
  103: get_box_color [industry_standards.R#9]
  102: vbox_fun [kpi_module.R#62]
  101: renderUI
  100: func
   87: renderFunc
   86: output$kpi-vbx_opex_ratio
    1: runApp
G2;H2;Warningh: Error in [[: attempt to select less than one element in get1indexg
  103: get_box_color [industry_standards.R#9]
  102: vbox_fun [kpi_module.R#75]
  101: renderUI
  100: func
   87: renderFunc
   86: output$kpi-vbx_eqt_multiplier
    1: runApp
G2;H2;Warningh: Error in [[: attempt to select less than one element in get1indexg
  103: get_box_color [industry_standards.R#9]
  102: vbox_fun [kpi_module.R#86]
  101: renderUI
  100: func
   87: renderFunc
   86: output$kpi-vbx_op_cash_flow_growth
    1: runApp
G2;H2;Warningh: Error in [[: attempt to select less than one element in get1indexg
  103: get_box_color [industry_standards.R#9]
  102: vbox_fun [kpi_module.R#96]
  101: renderUI
  100: func
   87: renderFunc
   86: output$kpi-vbx_inv_cash_flow_growth
    1: runApp
G2;H2;Warningh: Error in [[: attempt to select less than one element in get1indexg
  103: get_box_color [industry_standards.R#9]
  102: vbox_fun [kpi_module.R#106]
  101: renderUI
  100: func
   87: renderFunc
   86: output$kpi-vbx_fin_cash_flow_growth
    1: runApp
G2;H2;Warningh: Error in [[: attempt to select less than one element in get1indexg
  103: get_box_color [industry_standards.R#9]
  102: vbox_fun [kpi_module.R#119]
  101: renderUI
  100: func
   87: renderFunc
   86: output$kpi-vbx_ROA
    1: runApp
G2;H2;Warningh: Error in [[: attempt to select less than one element in get1indexg
  103: get_box_color [industry_standards.R#9]
  102: vbox_fun [kpi_module.R#131]
  101: renderUI
  100: func
   87: renderFunc
   86: output$kpi-vbx_ROE
    1: runApp
