
==============================================
🚀 Session Started: 2026-01-25 14:02:13.251493
📄 Log File: app_debug_20260125_140213.log
==============================================
✔️ 所有套件已載入，環境初始化完成。

G2;H2;Warningh: Navigation containers expect a collection of `bslib::nav_panel()`/`shiny::tabPanel()`s and/or `bslib::nav_menu()`/`shiny::navbarMenu()`s. Consider using `header` or `footer` if you wish to place content above (or below) every panel's contents.g
G3;
Listening on http://127.0.0.1:6137
g🌐 正在獲取驗證憑證 (Crumb) 並擷取 AAPL...
❌ 終極擷取失敗：驗證失敗 (401)。請檢查網路環境或嘗試切換手機熱點以更換 IP。
G2;H2;Warningh: Error in ..stacktraceon..: Data not foundg
  166: stop
  149: <reactive:tmp> [/Users/lawrencekuo/Library/CloudStorage/OneDrive-Personal/coding/R/Just4Fun/theYNowApp/app 2.0/FFD_shinyapp_2.0/FFD_shinyapp 2.0.R#451]
  129: tmp
  122: <reactive:corp_name> [/Users/lawrencekuo/Library/CloudStorage/OneDrive-Personal/coding/R/Just4Fun/theYNowApp/app 2.0/FFD_shinyapp_2.0/FFD_shinyapp 2.0.R#459]
  102: corp_name
  101: renderText [/Users/lawrencekuo/Library/CloudStorage/OneDrive-Personal/coding/R/Just4Fun/theYNowApp/app 2.0/FFD_shinyapp_2.0/FFD_shinyapp 2.0.R#465]
  100: func
   87: renderFunc
   86: output$txt_corpname
    1: runApp
G2;H2;Warningh: Error in ..stacktraceon..: Data not foundg
  166: stop
  149: <reactive:tmp> [/Users/lawrencekuo/Library/CloudStorage/OneDrive-Personal/coding/R/Just4Fun/theYNowApp/app 2.0/FFD_shinyapp_2.0/FFD_shinyapp 2.0.R#451]
  129: tmp
  122: <reactive:corp_name> [/Users/lawrencekuo/Library/CloudStorage/OneDrive-Personal/coding/R/Just4Fun/theYNowApp/app 2.0/FFD_shinyapp_2.0/FFD_shinyapp 2.0.R#459]
  102: corp_name
  101: renderText [/Users/lawrencekuo/Library/CloudStorage/OneDrive-Personal/coding/R/Just4Fun/theYNowApp/app 2.0/FFD_shinyapp_2.0/FFD_shinyapp 2.0.R#465]
  100: func
   87: renderFunc
   86: output$txt_corpname
    1: runApp
G2;H2;Warningh: Error in ..stacktraceon..: Data not foundg
  166: stop
  149: <reactive:tmp> [/Users/lawrencekuo/Library/CloudStorage/OneDrive-Personal/coding/R/Just4Fun/theYNowApp/app 2.0/FFD_shinyapp_2.0/FFD_shinyapp 2.0.R#451]
  129: tmp
  122: <reactive:corp_name> [/Users/lawrencekuo/Library/CloudStorage/OneDrive-Personal/coding/R/Just4Fun/theYNowApp/app 2.0/FFD_shinyapp_2.0/FFD_shinyapp 2.0.R#459]
  102: corp_name
  101: renderText [/Users/lawrencekuo/Library/CloudStorage/OneDrive-Personal/coding/R/Just4Fun/theYNowApp/app 2.0/FFD_shinyapp_2.0/FFD_shinyapp 2.0.R#465]
  100: func
   87: renderFunc
   86: output$txt_corpname
    1: runApp
G2;H2;Warningh: Error in ..stacktraceon..: Data not foundg
  166: stop
  149: <reactive:tmp> [/Users/lawrencekuo/Library/CloudStorage/OneDrive-Personal/coding/R/Just4Fun/theYNowApp/app 2.0/FFD_shinyapp_2.0/FFD_shinyapp 2.0.R#451]
  129: tmp
  122: <reactive:corp_name> [/Users/lawrencekuo/Library/CloudStorage/OneDrive-Personal/coding/R/Just4Fun/theYNowApp/app 2.0/FFD_shinyapp_2.0/FFD_shinyapp 2.0.R#459]
  102: corp_name
  101: renderText [/Users/lawrencekuo/Library/CloudStorage/OneDrive-Personal/coding/R/Just4Fun/theYNowApp/app 2.0/FFD_shinyapp_2.0/FFD_shinyapp 2.0.R#465]
  100: func
   87: renderFunc
   86: output$txt_corpname
    1: runApp
G2;H2;Warningh: Error in ..stacktraceon..: Data not foundg
  166: stop
  149: <reactive:tmp> [/Users/lawrencekuo/Library/CloudStorage/OneDrive-Personal/coding/R/Just4Fun/theYNowApp/app 2.0/FFD_shinyapp_2.0/FFD_shinyapp 2.0.R#451]
  129: tmp
  122: <reactive:corp_name> [/Users/lawrencekuo/Library/CloudStorage/OneDrive-Personal/coding/R/Just4Fun/theYNowApp/app 2.0/FFD_shinyapp_2.0/FFD_shinyapp 2.0.R#459]
  102: corp_name
  101: renderText [/Users/lawrencekuo/Library/CloudStorage/OneDrive-Personal/coding/R/Just4Fun/theYNowApp/app 2.0/FFD_shinyapp_2.0/FFD_shinyapp 2.0.R#465]
  100: func
   87: renderFunc
   86: output$txt_corpname
    1: runApp
G2;H2;Warningh: Error in ..stacktraceon..: Data not foundg
  166: stop
  149: <reactive:tmp> [/Users/lawrencekuo/Library/CloudStorage/OneDrive-Personal/coding/R/Just4Fun/theYNowApp/app 2.0/FFD_shinyapp_2.0/FFD_shinyapp 2.0.R#451]
  129: tmp
  122: <reactive:corp_name> [/Users/lawrencekuo/Library/CloudStorage/OneDrive-Personal/coding/R/Just4Fun/theYNowApp/app 2.0/FFD_shinyapp_2.0/FFD_shinyapp 2.0.R#459]
  102: corp_name
  101: renderText [/Users/lawrencekuo/Library/CloudStorage/OneDrive-Personal/coding/R/Just4Fun/theYNowApp/app 2.0/FFD_shinyapp_2.0/FFD_shinyapp 2.0.R#465]
  100: func
   87: renderFunc
   86: output$txt_corpname
    1: runApp
G2;H2;Warningh: Error in ..stacktraceon..: Data not foundg
  166: stop
  149: <reactive:tmp> [/Users/lawrencekuo/Library/CloudStorage/OneDrive-Personal/coding/R/Just4Fun/theYNowApp/app 2.0/FFD_shinyapp_2.0/FFD_shinyapp 2.0.R#451]
  129: tmp
  122: <reactive:corp_name> [/Users/lawrencekuo/Library/CloudStorage/OneDrive-Personal/coding/R/Just4Fun/theYNowApp/app 2.0/FFD_shinyapp_2.0/FFD_shinyapp 2.0.R#459]
  102: corp_name
  101: renderText [/Users/lawrencekuo/Library/CloudStorage/OneDrive-Personal/coding/R/Just4Fun/theYNowApp/app 2.0/FFD_shinyapp_2.0/FFD_shinyapp 2.0.R#465]
  100: func
   87: renderFunc
   86: output$txt_corpname
    1: runApp
G2;H2;Warningh: Error in ..stacktraceon..: Data not foundg
  166: stop
  149: <reactive:tmp> [/Users/lawrencekuo/Library/CloudStorage/OneDrive-Personal/coding/R/Just4Fun/theYNowApp/app 2.0/FFD_shinyapp_2.0/FFD_shinyapp 2.0.R#451]
  129: tmp
  122: <reactive:corp_name> [/Users/lawrencekuo/Library/CloudStorage/OneDrive-Personal/coding/R/Just4Fun/theYNowApp/app 2.0/FFD_shinyapp_2.0/FFD_shinyapp 2.0.R#459]
  102: corp_name
  101: renderText [/Users/lawrencekuo/Library/CloudStorage/OneDrive-Personal/coding/R/Just4Fun/theYNowApp/app 2.0/FFD_shinyapp_2.0/FFD_shinyapp 2.0.R#465]
  100: func
   87: renderFunc
   86: output$txt_corpname
    1: runApp
G2;H2;Warningh: Error in ..stacktraceon..: Data not foundg
  166: stop
  149: <reactive:tmp> [/Users/lawrencekuo/Library/CloudStorage/OneDrive-Personal/coding/R/Just4Fun/theYNowApp/app 2.0/FFD_shinyapp_2.0/FFD_shinyapp 2.0.R#451]
  129: tmp
  122: <reactive:corp_name> [/Users/lawrencekuo/Library/CloudStorage/OneDrive-Personal/coding/R/Just4Fun/theYNowApp/app 2.0/FFD_shinyapp_2.0/FFD_shinyapp 2.0.R#459]
  102: corp_name
  101: renderText [/Users/lawrencekuo/Library/CloudStorage/OneDrive-Personal/coding/R/Just4Fun/theYNowApp/app 2.0/FFD_shinyapp_2.0/FFD_shinyapp 2.0.R#465]
  100: func
   87: renderFunc
   86: output$txt_corpname
    1: runApp
G2;H2;Warningh: Error in ..stacktraceon..: Data not foundg
  166: stop
  149: <reactive:tmp> [/Users/lawrencekuo/Library/CloudStorage/OneDrive-Personal/coding/R/Just4Fun/theYNowApp/app 2.0/FFD_shinyapp_2.0/FFD_shinyapp 2.0.R#451]
  129: tmp
  122: <reactive:corp_name> [/Users/lawrencekuo/Library/CloudStorage/OneDrive-Personal/coding/R/Just4Fun/theYNowApp/app 2.0/FFD_shinyapp_2.0/FFD_shinyapp 2.0.R#459]
  102: corp_name
  101: renderText [/Users/lawrencekuo/Library/CloudStorage/OneDrive-Personal/coding/R/Just4Fun/theYNowApp/app 2.0/FFD_shinyapp_2.0/FFD_shinyapp 2.0.R#465]
  100: func
   87: renderFunc
   86: output$txt_corpname
    1: runApp
G2;H2;Warningh: Error in ..stacktraceon..: Data not foundg
  166: stop
  149: <reactive:tmp> [/Users/lawrencekuo/Library/CloudStorage/OneDrive-Personal/coding/R/Just4Fun/theYNowApp/app 2.0/FFD_shinyapp_2.0/FFD_shinyapp 2.0.R#451]
  129: tmp
  122: <reactive:corp_name> [/Users/lawrencekuo/Library/CloudStorage/OneDrive-Personal/coding/R/Just4Fun/theYNowApp/app 2.0/FFD_shinyapp_2.0/FFD_shinyapp 2.0.R#459]
  102: corp_name
  101: renderText [/Users/lawrencekuo/Library/CloudStorage/OneDrive-Personal/coding/R/Just4Fun/theYNowApp/app 2.0/FFD_shinyapp_2.0/FFD_shinyapp 2.0.R#465]
  100: func
   87: renderFunc
   86: output$txt_corpname
    1: runApp
G2;H2;Warningh: Error in ..stacktraceon..: Data not foundg
  166: stop
  149: <reactive:tmp> [/Users/lawrencekuo/Library/CloudStorage/OneDrive-Personal/coding/R/Just4Fun/theYNowApp/app 2.0/FFD_shinyapp_2.0/FFD_shinyapp 2.0.R#451]
  129: tmp
  122: <reactive:corp_name> [/Users/lawrencekuo/Library/CloudStorage/OneDrive-Personal/coding/R/Just4Fun/theYNowApp/app 2.0/FFD_shinyapp_2.0/FFD_shinyapp 2.0.R#459]
  102: corp_name
  101: renderText [/Users/lawrencekuo/Library/CloudStorage/OneDrive-Personal/coding/R/Just4Fun/theYNowApp/app 2.0/FFD_shinyapp_2.0/FFD_shinyapp 2.0.R#465]
  100: func
   87: renderFunc
   86: output$txt_corpname
    1: runApp
G2;H2;Warningh: Error in ..stacktraceon..: Data not foundg
  166: stop
  149: <reactive:tmp> [/Users/lawrencekuo/Library/CloudStorage/OneDrive-Personal/coding/R/Just4Fun/theYNowApp/app 2.0/FFD_shinyapp_2.0/FFD_shinyapp 2.0.R#451]
  129: tmp
  122: <reactive:corp_name> [/Users/lawrencekuo/Library/CloudStorage/OneDrive-Personal/coding/R/Just4Fun/theYNowApp/app 2.0/FFD_shinyapp_2.0/FFD_shinyapp 2.0.R#459]
  102: corp_name
  101: renderText [/Users/lawrencekuo/Library/CloudStorage/OneDrive-Personal/coding/R/Just4Fun/theYNowApp/app 2.0/FFD_shinyapp_2.0/FFD_shinyapp 2.0.R#465]
  100: func
   87: renderFunc
   86: output$txt_corpname
    1: runApp
G2;H2;Warningh: Error in ..stacktraceon..: Data not foundg
  166: stop
  149: <reactive:tmp> [/Users/lawrencekuo/Library/CloudStorage/OneDrive-Personal/coding/R/Just4Fun/theYNowApp/app 2.0/FFD_shinyapp_2.0/FFD_shinyapp 2.0.R#451]
  129: tmp
  122: <reactive:corp_name> [/Users/lawrencekuo/Library/CloudStorage/OneDrive-Personal/coding/R/Just4Fun/theYNowApp/app 2.0/FFD_shinyapp_2.0/FFD_shinyapp 2.0.R#459]
  102: corp_name
  101: renderText [/Users/lawrencekuo/Library/CloudStorage/OneDrive-Personal/coding/R/Just4Fun/theYNowApp/app 2.0/FFD_shinyapp_2.0/FFD_shinyapp 2.0.R#465]
  100: func
   87: renderFunc
   86: output$txt_corpname
    1: runApp
G2;H2;Warningh: Error in ..stacktraceon..: Data not foundg
  166: stop
  149: <reactive:tmp> [/Users/lawrencekuo/Library/CloudStorage/OneDrive-Personal/coding/R/Just4Fun/theYNowApp/app 2.0/FFD_shinyapp_2.0/FFD_shinyapp 2.0.R#451]
  129: tmp
  122: <reactive:corp_name> [/Users/lawrencekuo/Library/CloudStorage/OneDrive-Personal/coding/R/Just4Fun/theYNowApp/app 2.0/FFD_shinyapp_2.0/FFD_shinyapp 2.0.R#459]
  102: corp_name
  101: renderText [/Users/lawrencekuo/Library/CloudStorage/OneDrive-Personal/coding/R/Just4Fun/theYNowApp/app 2.0/FFD_shinyapp_2.0/FFD_shinyapp 2.0.R#465]
  100: func
   87: renderFunc
   86: output$txt_corpname
    1: runApp
G2;H2;Warningh: Error in ..stacktraceon..: Data not foundg
  166: stop
  149: <reactive:tmp> [/Users/lawrencekuo/Library/CloudStorage/OneDrive-Personal/coding/R/Just4Fun/theYNowApp/app 2.0/FFD_shinyapp_2.0/FFD_shinyapp 2.0.R#451]
  129: tmp
  122: <reactive:corp_name> [/Users/lawrencekuo/Library/CloudStorage/OneDrive-Personal/coding/R/Just4Fun/theYNowApp/app 2.0/FFD_shinyapp_2.0/FFD_shinyapp 2.0.R#459]
  102: corp_name
  101: renderText [/Users/lawrencekuo/Library/CloudStorage/OneDrive-Personal/coding/R/Just4Fun/theYNowApp/app 2.0/FFD_shinyapp_2.0/FFD_shinyapp 2.0.R#465]
  100: func
   87: renderFunc
   86: output$txt_corpname
    1: runApp
G2;H2;Warningh: Error in ..stacktraceon..: Data not foundg
  166: stop
  149: <reactive:tmp> [/Users/lawrencekuo/Library/CloudStorage/OneDrive-Personal/coding/R/Just4Fun/theYNowApp/app 2.0/FFD_shinyapp_2.0/FFD_shinyapp 2.0.R#451]
  129: tmp
  122: <reactive:corp_name> [/Users/lawrencekuo/Library/CloudStorage/OneDrive-Personal/coding/R/Just4Fun/theYNowApp/app 2.0/FFD_shinyapp_2.0/FFD_shinyapp 2.0.R#459]
  102: corp_name
  101: renderText [/Users/lawrencekuo/Library/CloudStorage/OneDrive-Personal/coding/R/Just4Fun/theYNowApp/app 2.0/FFD_shinyapp_2.0/FFD_shinyapp 2.0.R#465]
  100: func
   87: renderFunc
   86: output$txt_corpname
    1: runApp
G2;H2;Warningh: Error in ..stacktraceon..: Data not foundg
  166: stop
  149: <reactive:tmp> [/Users/lawrencekuo/Library/CloudStorage/OneDrive-Personal/coding/R/Just4Fun/theYNowApp/app 2.0/FFD_shinyapp_2.0/FFD_shinyapp 2.0.R#451]
  129: tmp
  122: <reactive:corp_name> [/Users/lawrencekuo/Library/CloudStorage/OneDrive-Personal/coding/R/Just4Fun/theYNowApp/app 2.0/FFD_shinyapp_2.0/FFD_shinyapp 2.0.R#459]
  102: corp_name
  101: renderText [/Users/lawrencekuo/Library/CloudStorage/OneDrive-Personal/coding/R/Just4Fun/theYNowApp/app 2.0/FFD_shinyapp_2.0/FFD_shinyapp 2.0.R#465]
  100: func
   87: renderFunc
   86: output$txt_corpname
    1: runApp
G2;H2;Warningh: Error in ..stacktraceon..: Data not foundg
  166: stop
  149: <reactive:tmp> [/Users/lawrencekuo/Library/CloudStorage/OneDrive-Personal/coding/R/Just4Fun/theYNowApp/app 2.0/FFD_shinyapp_2.0/FFD_shinyapp 2.0.R#451]
  129: tmp
  122: <reactive:corp_name> [/Users/lawrencekuo/Library/CloudStorage/OneDrive-Personal/coding/R/Just4Fun/theYNowApp/app 2.0/FFD_shinyapp_2.0/FFD_shinyapp 2.0.R#459]
  102: corp_name
  101: renderText [/Users/lawrencekuo/Library/CloudStorage/OneDrive-Personal/coding/R/Just4Fun/theYNowApp/app 2.0/FFD_shinyapp_2.0/FFD_shinyapp 2.0.R#465]
  100: func
   87: renderFunc
   86: output$txt_corpname
    1: runApp
[1] "Error in data retrieval: Data not found"

==============================================
🚀 Session Started: 2026-01-25 14:07:57.992941
📄 Log File: app_debug_20260125_140757.log
==============================================
✔️ 所有套件已載入，環境初始化完成。

🌐 正在獲取驗證憑證 (Crumb) 並擷取 AAPL...
❌ 終極擷取失敗：驗證失敗 (401)。請檢查網路環境或嘗試切換手機熱點以更換 IP。
[1] "Error in data retrieval: Data not found"

==============================================
🚀 Session Started: 2026-01-25 14:10:59.967744
📄 Log File: app_debug_20260125_141059.log
==============================================
✔️ 所有套件已載入，環境初始化完成。

🌐 正在獲取驗證憑證 (Crumb) 並擷取 AAPL...
❌ 終極擷取失敗：驗證失敗 (401)。請檢查網路環境或嘗試切換手機熱點以更換 IP。
[1] "Error in data retrieval: Data not found"
🌐 正在獲取驗證憑證 (Crumb) 並擷取 KO...
❌ 終極擷取失敗：驗證失敗 (401)。請檢查網路環境或嘗試切換手機熱點以更換 IP。
[1] "Error in data retrieval: Data not found"

==============================================
🚀 Session Started: 2026-01-25 14:20:08.730924
📄 Log File: app_debug_20260125_142008.log
==============================================
✔️ 所有套件已載入，環境初始化完成。

 cercando 嘗試透過 API 擷取 AAPL...
⚠️ API 被阻擋，啟動最後手段：無頭瀏覽器自動化...
[1] "Error in data retrieval: attempt to apply non-function"
