
==============================================
🚀 Session Started: 2026-01-25 14:42:19.40472
📄 Log File: app_debug_20260125_144219.log
==============================================
✔️ 所有套件已載入，環境初始化完成。

G2;H2;Warningh: Navigation containers expect a collection of `bslib::nav_panel()`/`shiny::tabPanel()`s and/or `bslib::nav_menu()`/`shiny::navbarMenu()`s. Consider using `header` or `footer` if you wish to place content above (or below) every panel's contents.g
G3;
Listening on http://127.0.0.1:3371
g[1] "Error in data retrieval: "
[1] "Error in data retrieval: "
[1] "Error in data retrieval: "
[1] "Error in data retrieval: "
[1] "Error in data retrieval: "

==============================================
🚀 Session Started: 2026-01-25 14:44:19.74638
📄 Log File: app_debug_20260125_144419.log
==============================================
✔️ 所有套件已載入，環境初始化完成。

🌐 執行階梯抓取: AAPL
⚠️ API 被阻擋，啟動 Chromote 模擬...
🌐 執行階梯抓取: KO
⚠️ API 被阻擋，啟動 Chromote 模擬...
Called from: Sys.sleep(10)

==============================================
🚀 Session Started: 2026-01-25 16:54:31.571606
📄 Log File: app_debug_20260125_165431.log
==============================================
✔️ 所有套件已載入，環境初始化完成。

🌐 執行階梯抓取: AAPL
⚠️ API 被阻擋，啟動 Chromote 模擬...

==============================================
🚀 Session Started: 2026-01-25 17:00:32.686132
📄 Log File: app_debug_20260125_170032.log
==============================================
✔️ 所有套件已載入，環境初始化完成。

🌐 執行階梯抓取: AAPL
⚠️ API 被阻擋，啟動 Chromote 模擬...

==============================================
🚀 Session Started: 2026-01-25 17:04:25.853451
📄 Log File: app_debug_20260125_170425.log
==============================================
✔️ 所有套件已載入，環境初始化完成。

🌐 執行階梯抓取: AAPL
⚠️ API 被阻擋，啟動 Chromote 模擬...

==============================================
🚀 Session Started: 2026-01-25 17:12:33.705089
📄 Log File: app_debug_20260125_171233.log
==============================================
✔️ 所有套件已載入，環境初始化完成。

🌐 執行階梯抓取: AAPL
⚠️ API 被阻擋，啟動 Chromote 模擬...

==============================================
🚀 Session Started: 2026-01-25 17:15:47.349546
📄 Log File: app_debug_20260125_171547.log
==============================================
✔️ 所有套件已載入，環境初始化完成。

🌐 執行階梯抓取: AAPL
⚠️ API 被阻擋，啟動 Chromote 模擬...

==============================================
🚀 Session Started: 2026-01-25 17:18:25.420905
📄 Log File: app_debug_20260125_171825.log
==============================================
✔️ 所有套件已載入，環境初始化完成。

🌐 執行階梯抓取: AAPL
⚠️ API 被阻擋，啟動 Chromote 模擬...

==============================================
🚀 Session Started: 2026-01-25 19:16:15.607401
📄 Log File: app_debug_20260125_191615.log
==============================================
✔️ 所有套件已載入，環境初始化完成。

🌐 執行階梯抓取: AAPL
⚠️ API 被阻擋，啟動 Chromote 模擬...
⚠️ 找不到指標: basicEps

==============================================
🚀 Session Started: 2026-01-25 19:28:16.130938
📄 Log File: app_debug_20260125_192816.log
==============================================
✔️ 所有套件已載入，環境初始化完成。

🌐 執行階梯抓取: AAPL
⚠️ API 被阻擋，啟動 Chromote 模擬...

==============================================
🚀 Session Started: 2026-01-25 19:34:27.698148
📄 Log File: app_debug_20260125_193427.log
==============================================
✔️ 所有套件已載入，環境初始化完成。


==============================================
🚀 Session Started: 2026-01-25 19:35:00.579667
📄 Log File: app_debug_20260125_193500.log
==============================================
✔️ 所有套件已載入，環境初始化完成。


==============================================
🚀 Session Started: 2026-01-25 19:35:35.122466
📄 Log File: app_debug_20260125_193535.log
==============================================
✔️ 所有套件已載入，環境初始化完成。


==============================================
🚀 Session Started: 2026-01-25 19:35:36.281977
📄 Log File: app_debug_20260125_193536.log
==============================================
✔️ 所有套件已載入，環境初始化完成。


==============================================
🚀 Session Started: 2026-01-25 19:35:37.023216
📄 Log File: app_debug_20260125_193537.log
==============================================
✔️ 所有套件已載入，環境初始化完成。

