
==============================================
🚀 Session Started: 2026-01-27 00:53:57.204241
📂 Log Directory: logs
📄 Log File: app_debug_20260127_005357.log
==============================================
✔️ 所有套件已載入，環境初始化完成。

G3;
Listening on http://127.0.0.1:4337
gG3;Quote API Error: lexical error: invalid char in json text.
                                       <!doctype html> <html lang="en-
                     (right here) ------^

g
🌐 執行階梯抓取: AAPL
⚠️ API 被阻擋，啟動 Chromote 模擬...
📄 正在模擬抓取頁面: financials
✅ financials 處理完成，共 30 列。
📄 正在模擬抓取頁面: balance-sheet
✅ balance-sheet 處理完成，共 15 列。
📄 正在模擬抓取頁面: cash-flow
✅ cash-flow 處理完成，共 11 列。
