
==============================================
🚀 Session Started: 2026-01-25 19:36:07.823169
📄 Log File: app_debug_20260125_193607.log
==============================================
G3;Loading required package: pacman
g✔️ 所有套件已載入，環境初始化完成。

Error in source("setup.R") : setup.R:200:0: unexpected end of input
198:   else paste0("$", round(x, 2))
199: }
    ^

==============================================
🚀 Session Started: 2026-01-25 19:39:13.979173
📄 Log File: app_debug_20260125_193913.log
==============================================
✔️ 所有套件已載入，環境初始化完成。

🌐 執行階梯抓取: AAPL
⚠️ API 被阻擋，啟動 Chromote 模擬...

==============================================
🚀 Session Started: 2026-01-25 19:39:47.386262
📄 Log File: app_debug_20260125_193947.log
==============================================
✔️ 所有套件已載入，環境初始化完成。

🌐 執行階梯抓取: AAPL
⚠️ API 被阻擋，啟動 Chromote 模擬...

==============================================
🚀 Session Started: 2026-01-25 19:42:29.471204
📄 Log File: app_debug_20260125_194229.log
==============================================
✔️ 所有套件已載入，環境初始化完成。

🌐 執行階梯抓取: AAPL
⚠️ API 被阻擋，啟動 Chromote 模擬...

==============================================
🚀 Session Started: 2026-01-25 19:42:59.21817
📄 Log File: app_debug_20260125_194259.log
==============================================
✔️ 所有套件已載入，環境初始化完成。

🌐 執行階梯抓取: AAPL
⚠️ API 被阻擋，啟動 Chromote 模擬...

==============================================
🚀 Session Started: 2026-01-25 19:44:33.832201
📄 Log File: app_debug_20260125_194433.log
==============================================
✔️ 所有套件已載入，環境初始化完成。

🌐 執行階梯抓取: AAPL
⚠️ API 被阻擋，啟動 Chromote 模擬...

==============================================
🚀 Session Started: 2026-01-25 19:45:47.315352
📄 Log File: app_debug_20260125_194547.log
==============================================
✔️ 所有套件已載入，環境初始化完成。

[1] "✅ setup.R 已成功載入所有函數"
🌐 執行階梯抓取: AAPL
⚠️ API 被阻擋，啟動 Chromote 模擬...

==============================================
🚀 Session Started: 2026-01-25 19:48:48.134922
📄 Log File: app_debug_20260125_194848.log
==============================================
✔️ 所有套件已載入，環境初始化完成。

[1] "✅ setup.R 已成功載入所有函數"
🌐 執行階梯抓取: AAPL
⚠️ API 被阻擋，啟動 Chromote 模擬...

==============================================
🚀 Session Started: 2026-01-25 19:49:21.209521
📄 Log File: app_debug_20260125_194921.log
==============================================
✔️ 所有套件已載入，環境初始化完成。

[1] "✅ setup.R 已成功載入所有函數"
🌐 執行階梯抓取: AAPL
⚠️ API 被阻擋，啟動 Chromote 模擬...

==============================================
🚀 Session Started: 2026-01-25 19:54:25.639973
📄 Log File: app_debug_20260125_195425.log
==============================================
✔️ 所有套件已載入，環境初始化完成。

[1] "✅ setup.R 已成功載入所有函數"
🌐 執行階梯抓取: AAPL
⚠️ API 被阻擋，啟動 Chromote 模擬...

==============================================
🚀 Session Started: 2026-01-25 19:55:07.226484
📄 Log File: app_debug_20260125_195507.log
==============================================
✔️ 所有套件已載入，環境初始化完成。

[1] "✅ setup.R 已成功載入所有函數"
🌐 執行階梯抓取: AAPL
⚠️ API 被阻擋，啟動 Chromote 模擬...

==============================================
🚀 Session Started: 2026-01-25 19:57:56.326434
📄 Log File: app_debug_20260125_195756.log
==============================================
✔️ 所有套件已載入，環境初始化完成。

[1] "✅ setup.R 已成功載入所有函數"

==============================================
🚀 Session Started: 2026-01-25 19:59:05.804927
📄 Log File: app_debug_20260125_195905.log
==============================================
✔️ 所有套件已載入，環境初始化完成。

[1] "✅ setup.R 已成功載入所有函數"

==============================================
🚀 Session Started: 2026-01-25 20:00:23.0542
📄 Log File: app_debug_20260125_200023.log
==============================================
✔️ 所有套件已載入，環境初始化完成。

[1] "✅ setup.R 已成功載入所有函數"
🌐 執行階梯抓取: AAPL
⚠️ API 被阻擋，啟動 Chromote 模擬...

==============================================
🚀 Session Started: 2026-01-25 20:01:27.6328
📄 Log File: app_debug_20260125_200127.log
==============================================
✔️ 所有套件已載入，環境初始化完成。

[1] "✅ setup.R 已成功載入所有函數"
🌐 執行階梯抓取: AAPL
⚠️ API 被阻擋，啟動 Chromote 模擬...

==============================================
🚀 Session Started: 2026-01-25 20:05:42.942051
📄 Log File: app_debug_20260125_200542.log
==============================================
✔️ 所有套件已載入，環境初始化完成。

[1] "✅ setup.R 已成功載入所有函數"
🌐 執行階梯抓取: AAPL
[1] "✅ setup.R 已成功載入所有函數"

==============================================
🚀 Session Started: 2026-01-25 20:10:06.958619
📄 Log File: app_debug_20260125_201006.log
==============================================
✔️ 所有套件已載入，環境初始化完成。

[1] "✅ setup.R 已成功載入所有函數"
🌐 執行階梯抓取: AAPL
⚠️ API 被阻擋，啟動 Chromote 模擬...
[1] "✅ setup.R 已成功載入所有函數"

==============================================
🚀 Session Started: 2026-01-25 20:18:54.019794
📄 Log File: app_debug_20260125_201854.log
==============================================
✔️ 所有套件已載入，環境初始化完成。

[1] "✅ setup.R 已成功載入所有函數"
🌐 執行階梯抓取: AAPL
⚠️ API 被阻擋，啟動 Chromote 模擬...
📄 正在模擬抓取頁面: financials
📄 正在模擬抓取頁面: balance-sheet
📄 正在模擬抓取頁面: cash-flow
📄 正在模擬抓取頁面: financials
Called from: paste0("https://finance.yahoo.com/quote/", stock_code, "/", sub_path)

==============================================
🚀 Session Started: 2026-01-25 20:23:01.441915
📄 Log File: app_debug_20260125_202301.log
==============================================
✔️ 所有套件已載入，環境初始化完成。

[1] "✅ setup.R 已成功載入所有函數"
🌐 執行階梯抓取: AAPL
⚠️ API 被阻擋，啟動 Chromote 模擬...
📄 正在模擬抓取頁面: financials
📄 正在模擬抓取頁面: balance-sheet
📄 正在模擬抓取頁面: cash-flow
