
==============================================
🚀 Session Started: 2026-01-25 23:50:59.130298
📂 Log Directory: logs
📄 Log File: app_debug_20260125_235059.log
==============================================
✔️ 所有套件已載入，環境初始化完成。

G3;First use of Tesseract: copying language data...

gG3;Linking to ImageMagick 6.9.13.29
Enabled features: cairo, fontconfig, freetype, heic, lcms, pango, raw, rsvg, webp
Disabled features: fftw, ghostscript, x11
gG2;H2;Warningh: Navigation containers expect a collection of `bslib::nav_panel()`/`shiny::tabPanel()`s and/or `bslib::nav_menu()`/`shiny::navbarMenu()`s. Consider using `header` or `footer` if you wish to place content above (or below) every panel's contents.g
G3;
Listening on http://127.0.0.1:7751
g
🌐 執行階梯抓取: AAPL
⚠️ API 被阻擋，啟動 Chromote 模擬...
📄 正在模擬抓取頁面: financials
✅ financials 處理完成，共 30 列。
📄 正在模擬抓取頁面: balance-sheet
✅ balance-sheet 處理完成，共 15 列。
📄 正在模擬抓取頁面: cash-flow
✅ cash-flow 處理完成，共 11 列。
G2;H2;Warningh: Error in [[: attempt to select less than one element in get1indexg
  106: get_box_color [industry_standards.R#9]
  102: vbox_fun [kpi_module.R#36]
  101: renderUI
  100: func
   87: renderFunc
   86: output$kpi-vbx_gross_profit_margin
    1: runApp
G2;H2;Warningh: Error in [[: attempt to select less than one element in get1indexg
  106: get_box_color [industry_standards.R#9]
  102: vbox_fun [kpi_module.R#45]
  101: renderUI
  100: func
   87: renderFunc
   86: output$kpi-vbx_net_profit_margin
    1: runApp
G2;H2;Warningh: Error in [[: attempt to select less than one element in get1indexg
  106: get_box_color [industry_standards.R#9]
  102: vbox_fun [kpi_module.R#54]
  101: renderUI
  100: func
   87: renderFunc
   86: output$kpi-vbx_rev_growth
    1: runApp
G2;H2;Warningh: Error in [[: attempt to select less than one element in get1indexg
  106: get_box_color [industry_standards.R#9]
  102: vbox_fun [kpi_module.R#63]
  101: renderUI
  100: func
   87: renderFunc
   86: output$kpi-vbx_gross_profit_growth
    1: runApp
G2;H2;Warningh: Error in [[: attempt to select less than one element in get1indexg
  106: get_box_color [industry_standards.R#9]
  102: vbox_fun [kpi_module.R#74]
  101: renderUI
  100: func
   87: renderFunc
   86: output$kpi-vbx_eqt_multiplier
    1: runApp

🌐 執行階梯抓取: KO
⚠️ API 被阻擋，啟動 Chromote 模擬...
📄 正在模擬抓取頁面: financials
✅ financials 處理完成，共 32 列。
📄 正在模擬抓取頁面: balance-sheet
✅ balance-sheet 處理完成，共 14 列。
📄 正在模擬抓取頁面: cash-flow
✅ cash-flow 處理完成，共 10 列。
G2;H2;Warningh: Error in [[: attempt to select less than one element in get1indexg
  106: get_box_color [industry_standards.R#9]
  102: vbox_fun [kpi_module.R#36]
  101: renderUI
  100: func
   87: renderFunc
   86: output$kpi-vbx_gross_profit_margin
    1: runApp
G2;H2;Warningh: Error in [[: attempt to select less than one element in get1indexg
  106: get_box_color [industry_standards.R#9]
  102: vbox_fun [kpi_module.R#45]
  101: renderUI
  100: func
   87: renderFunc
   86: output$kpi-vbx_net_profit_margin
    1: runApp
G2;H2;Warningh: Error in [[: attempt to select less than one element in get1indexg
  106: get_box_color [industry_standards.R#9]
  102: vbox_fun [kpi_module.R#54]
  101: renderUI
  100: func
   87: renderFunc
   86: output$kpi-vbx_rev_growth
    1: runApp
G2;H2;Warningh: Error in [[: attempt to select less than one element in get1indexg
  106: get_box_color [industry_standards.R#9]
  102: vbox_fun [kpi_module.R#63]
  101: renderUI
  100: func
   87: renderFunc
   86: output$kpi-vbx_gross_profit_growth
    1: runApp
G2;H2;Warningh: Error in [[: attempt to select less than one element in get1indexg
  106: get_box_color [industry_standards.R#9]
  102: vbox_fun [kpi_module.R#74]
  101: renderUI
  100: func
   87: renderFunc
   86: output$kpi-vbx_eqt_multiplier
    1: runApp
G2;H2;Warningh: Error in [[: attempt to select less than one element in get1indexg
  106: get_box_color [industry_standards.R#9]
  102: vbox_fun [kpi_module.R#112]
  101: renderUI
  100: func
   87: renderFunc
   86: output$kpi-vbx_ROE
    1: runApp
G2;H2;Warningh: Error in [[: attempt to select less than one element in get1indexg
  106: get_box_color [industry_standards.R#9]
  102: vbox_fun [kpi_module.R#121]
  101: renderUI
  100: func
   87: renderFunc
   86: output$kpi-vbx_ROA
    1: runApp
G2;H2;Warningh: Error in fcf_projection: could not find function "fcf_projection"g
  197: <reactive:generate_fcf_plot> [/Users/lawrencekuo/Library/CloudStorage/OneDrive-Personal/coding/R/Just4Fun/theYNowApp/app 2.0/FFD_shinyapp_2.0/FFD_shinyapp 2.0.R#930]
  195: .func
  192: contextFunc
  191: env$runWith
  180: ctx$run
  179: self$.updateValue
  177: generate_fcf_plot
  176: renderPlot [/Users/lawrencekuo/Library/CloudStorage/OneDrive-Personal/coding/R/Just4Fun/theYNowApp/app 2.0/FFD_shinyapp_2.0/FFD_shinyapp 2.0.R#978]
  174: func
  134: drawPlot
  120: <reactive:plotObj>
  100: drawReactive
   87: renderFunc
   86: output$dft_fcf_plot
    1: runApp
