
==============================================
🚀 Session Started: 2026-01-25 17:15:47.349546
📄 Log File: app_debug_20260125_171547.log
==============================================
✔️ 所有套件已載入，環境初始化完成。

G2;H2;Warningh: Navigation containers expect a collection of `bslib::nav_panel()`/`shiny::tabPanel()`s and/or `bslib::nav_menu()`/`shiny::navbarMenu()`s. Consider using `header` or `footer` if you wish to place content above (or below) every panel's contents.g
G3;
Listening on http://127.0.0.1:3371
g🌐 執行階梯抓取: AAPL
⚠️ API 被阻擋，啟動 Chromote 模擬...
G2;H2;Warningh: Error in try_browser_fetch: could not find function "try_browser_fetch"g
  160: get.data [setup.R#20]
  156: <reactive:tmp> [/Users/lawrencekuo/Library/CloudStorage/OneDrive-Personal/coding/R/Just4Fun/theYNowApp/app 2.0/FFD_shinyapp_2.0/FFD_shinyapp 2.0.R#454]
  136: tmp
  129: <reactive:d_income_statement> [/Users/lawrencekuo/Library/CloudStorage/OneDrive-Personal/coding/R/Just4Fun/theYNowApp/app 2.0/FFD_shinyapp_2.0/FFD_shinyapp 2.0.R#465]
  109: d_income_statement
  102: vbox_fun [/Users/lawrencekuo/Library/CloudStorage/OneDrive-Personal/coding/R/Just4Fun/theYNowApp/app 2.0/FFD_shinyapp_2.0/FFD_shinyapp 2.0.R#492]
  101: renderUI
  100: func
   87: renderFunc
   86: output$ibx_EPS
    1: runApp
G2;H2;Warningh: Error in try_browser_fetch: could not find function "try_browser_fetch"g
  160: get.data [setup.R#20]
  156: <reactive:tmp> [/Users/lawrencekuo/Library/CloudStorage/OneDrive-Personal/coding/R/Just4Fun/theYNowApp/app 2.0/FFD_shinyapp_2.0/FFD_shinyapp 2.0.R#454]
  136: tmp
  129: <reactive:d_income_statement> [/Users/lawrencekuo/Library/CloudStorage/OneDrive-Personal/coding/R/Just4Fun/theYNowApp/app 2.0/FFD_shinyapp_2.0/FFD_shinyapp 2.0.R#465]
  109: d_income_statement
  102: vbox_fun [/Users/lawrencekuo/Library/CloudStorage/OneDrive-Personal/coding/R/Just4Fun/theYNowApp/app 2.0/FFD_shinyapp_2.0/FFD_shinyapp 2.0.R#492]
  101: renderUI
  100: func
   87: renderFunc
   86: output$ibx_EPS
    1: runApp
G2;H2;Warningh: Error in try_browser_fetch: could not find function "try_browser_fetch"g
  160: get.data [setup.R#20]
  156: <reactive:tmp> [/Users/lawrencekuo/Library/CloudStorage/OneDrive-Personal/coding/R/Just4Fun/theYNowApp/app 2.0/FFD_shinyapp_2.0/FFD_shinyapp 2.0.R#454]
  136: tmp
  129: <reactive:d_income_statement> [/Users/lawrencekuo/Library/CloudStorage/OneDrive-Personal/coding/R/Just4Fun/theYNowApp/app 2.0/FFD_shinyapp_2.0/FFD_shinyapp 2.0.R#465]
  109: d_income_statement
  102: vbox_fun [/Users/lawrencekuo/Library/CloudStorage/OneDrive-Personal/coding/R/Just4Fun/theYNowApp/app 2.0/FFD_shinyapp_2.0/FFD_shinyapp 2.0.R#492]
  101: renderUI
  100: func
   87: renderFunc
   86: output$ibx_EPS
    1: runApp
G2;H2;Warningh: Error in try_browser_fetch: could not find function "try_browser_fetch"g
  160: get.data [setup.R#20]
  156: <reactive:tmp> [/Users/lawrencekuo/Library/CloudStorage/OneDrive-Personal/coding/R/Just4Fun/theYNowApp/app 2.0/FFD_shinyapp_2.0/FFD_shinyapp 2.0.R#454]
  136: tmp
  129: <reactive:d_income_statement> [/Users/lawrencekuo/Library/CloudStorage/OneDrive-Personal/coding/R/Just4Fun/theYNowApp/app 2.0/FFD_shinyapp_2.0/FFD_shinyapp 2.0.R#465]
  109: d_income_statement
  102: vbox_fun [/Users/lawrencekuo/Library/CloudStorage/OneDrive-Personal/coding/R/Just4Fun/theYNowApp/app 2.0/FFD_shinyapp_2.0/FFD_shinyapp 2.0.R#492]
  101: renderUI
  100: func
   87: renderFunc
   86: output$ibx_EPS
    1: runApp
G2;H2;Warningh: Error in try_browser_fetch: could not find function "try_browser_fetch"g
  160: get.data [setup.R#20]
  156: <reactive:tmp> [/Users/lawrencekuo/Library/CloudStorage/OneDrive-Personal/coding/R/Just4Fun/theYNowApp/app 2.0/FFD_shinyapp_2.0/FFD_shinyapp 2.0.R#454]
  136: tmp
  129: <reactive:d_income_statement> [/Users/lawrencekuo/Library/CloudStorage/OneDrive-Personal/coding/R/Just4Fun/theYNowApp/app 2.0/FFD_shinyapp_2.0/FFD_shinyapp 2.0.R#465]
  109: d_income_statement
  102: vbox_fun [/Users/lawrencekuo/Library/CloudStorage/OneDrive-Personal/coding/R/Just4Fun/theYNowApp/app 2.0/FFD_shinyapp_2.0/FFD_shinyapp 2.0.R#492]
  101: renderUI
  100: func
   87: renderFunc
   86: output$ibx_EPS
    1: runApp
G2;H2;Warningh: Error in try_browser_fetch: could not find function "try_browser_fetch"g
  160: get.data [setup.R#20]
  156: <reactive:tmp> [/Users/lawrencekuo/Library/CloudStorage/OneDrive-Personal/coding/R/Just4Fun/theYNowApp/app 2.0/FFD_shinyapp_2.0/FFD_shinyapp 2.0.R#454]
  136: tmp
  129: <reactive:d_income_statement> [/Users/lawrencekuo/Library/CloudStorage/OneDrive-Personal/coding/R/Just4Fun/theYNowApp/app 2.0/FFD_shinyapp_2.0/FFD_shinyapp 2.0.R#465]
  109: d_income_statement
  102: vbox_fun [/Users/lawrencekuo/Library/CloudStorage/OneDrive-Personal/coding/R/Just4Fun/theYNowApp/app 2.0/FFD_shinyapp_2.0/FFD_shinyapp 2.0.R#492]
  101: renderUI
  100: func
   87: renderFunc
   86: output$ibx_EPS
    1: runApp
G2;H2;Warningh: Error in try_browser_fetch: could not find function "try_browser_fetch"g
  135: <Anonymous>
  134: stop
  133: tmp
  126: <reactive:d_balance_sheet> [/Users/lawrencekuo/Library/CloudStorage/OneDrive-Personal/coding/R/Just4Fun/theYNowApp/app 2.0/FFD_shinyapp_2.0/FFD_shinyapp 2.0.R#466]
  106: d_balance_sheet
  102: vbox_fun [kpi_module.R#67]
  101: renderUI
  100: func
   87: renderFunc
   86: output$kpi-vbx_eqt_multiplier
    1: runApp
G2;H2;Warningh: Error in try_browser_fetch: could not find function "try_browser_fetch"g
  136: <Anonymous>
  135: stop
  134: tmp
  127: <reactive:d_cash_flow> [/Users/lawrencekuo/Library/CloudStorage/OneDrive-Personal/coding/R/Just4Fun/theYNowApp/app 2.0/FFD_shinyapp_2.0/FFD_shinyapp 2.0.R#467]
  107: d_cash_flow
  102: vbox_fun [kpi_module.R#80]
  101: renderUI
  100: func
   87: renderFunc
   86: output$kpi-vbx_op_cash_flow_growth
    1: runApp
G2;H2;Warningh: Error in try_browser_fetch: could not find function "try_browser_fetch"g
  109: <Anonymous>
  108: stop
  107: d_cash_flow
  102: vbox_fun [kpi_module.R#90]
  101: renderUI
  100: func
   87: renderFunc
   86: output$kpi-vbx_inv_cash_flow_growth
    1: runApp
G2;H2;Warningh: Error in try_browser_fetch: could not find function "try_browser_fetch"g
  109: <Anonymous>
  108: stop
  107: d_cash_flow
  102: vbox_fun [kpi_module.R#100]
  101: renderUI
  100: func
   87: renderFunc
   86: output$kpi-vbx_fin_cash_flow_growth
    1: runApp
G2;H2;Warningh: Error in try_browser_fetch: could not find function "try_browser_fetch"g
  110: <Anonymous>
  109: stop
  108: d_cash_flow
  101: renderText [/Users/lawrencekuo/Library/CloudStorage/OneDrive-Personal/coding/R/Just4Fun/theYNowApp/app 2.0/FFD_shinyapp_2.0/FFD_shinyapp 2.0.R#580]
  100: func
   87: renderFunc
   86: output$nofreecashflow
    1: runApp
G2;H2;Warningh: Error in try_browser_fetch: could not find function "try_browser_fetch"g
  110: <Anonymous>
  109: stop
  108: d_cash_flow
  101: renderText [/Users/lawrencekuo/Library/CloudStorage/OneDrive-Personal/coding/R/Just4Fun/theYNowApp/app 2.0/FFD_shinyapp_2.0/FFD_shinyapp 2.0.R#594]
  100: func
   87: renderFunc
   86: output$nooperatingcashflow
    1: runApp
G2;H2;Warningh: Error in try_browser_fetch: could not find function "try_browser_fetch"g
  110: <Anonymous>
  109: stop
  108: d_cash_flow
  101: renderText [/Users/lawrencekuo/Library/CloudStorage/OneDrive-Personal/coding/R/Just4Fun/theYNowApp/app 2.0/FFD_shinyapp_2.0/FFD_shinyapp 2.0.R#608]
  100: func
   87: renderFunc
   86: output$notdoingbusiness
    1: runApp
G2;H2;Warningh: Error in try_browser_fetch: could not find function "try_browser_fetch"g
  110: <Anonymous>
  109: stop
  108: d_cash_flow
  101: renderText [/Users/lawrencekuo/Library/CloudStorage/OneDrive-Personal/coding/R/Just4Fun/theYNowApp/app 2.0/FFD_shinyapp_2.0/FFD_shinyapp 2.0.R#623]
  100: func
   87: renderFunc
   86: output$notgettingcashback
    1: runApp
G2;H2;Warningh: Error in try_browser_fetch: could not find function "try_browser_fetch"g
  110: <Anonymous>
  109: stop
  108: d_balance_sheet
  101: renderText [/Users/lawrencekuo/Library/CloudStorage/OneDrive-Personal/coding/R/Just4Fun/theYNowApp/app 2.0/FFD_shinyapp_2.0/FFD_shinyapp 2.0.R#638]
  100: func
   87: renderFunc
   86: output$highdebttoequity
    1: runApp

==============================================
🚀 Session Started: 2026-01-25 17:18:25.420905
📄 Log File: app_debug_20260125_171825.log
==============================================
✔️ 所有套件已載入，環境初始化完成。

🌐 執行階梯抓取: AAPL
⚠️ API 被阻擋，啟動 Chromote 模擬...

==============================================
🚀 Session Started: 2026-01-25 19:16:15.607401
📄 Log File: app_debug_20260125_191615.log
==============================================
✔️ 所有套件已載入，環境初始化完成。

🌐 執行階梯抓取: AAPL
⚠️ API 被阻擋，啟動 Chromote 模擬...
⚠️ 找不到指標: basicEps

==============================================
🚀 Session Started: 2026-01-25 19:28:16.130938
📄 Log File: app_debug_20260125_192816.log
==============================================
✔️ 所有套件已載入，環境初始化完成。

🌐 執行階梯抓取: AAPL
⚠️ API 被阻擋，啟動 Chromote 模擬...

==============================================
🚀 Session Started: 2026-01-25 19:34:27.698148
📄 Log File: app_debug_20260125_193427.log
==============================================
✔️ 所有套件已載入，環境初始化完成。


==============================================
🚀 Session Started: 2026-01-25 19:35:00.579667
📄 Log File: app_debug_20260125_193500.log
==============================================
✔️ 所有套件已載入，環境初始化完成。


==============================================
🚀 Session Started: 2026-01-25 19:35:35.122466
📄 Log File: app_debug_20260125_193535.log
==============================================
✔️ 所有套件已載入，環境初始化完成。


==============================================
🚀 Session Started: 2026-01-25 19:35:36.281977
📄 Log File: app_debug_20260125_193536.log
==============================================
✔️ 所有套件已載入，環境初始化完成。


==============================================
🚀 Session Started: 2026-01-25 19:35:37.023216
📄 Log File: app_debug_20260125_193537.log
==============================================
✔️ 所有套件已載入，環境初始化完成。

